#
# A fatal error has been detected by the Java Runtime Environment:
#
#  EXCEPTION_ACCESS_VIOLATION (0xc0000005) at pc=0x158832ae, pid=10992, tid=0x00002e90
#
# JRE version: Java(TM) SE Runtime Environment (8.0_141-b15) (build 1.8.0_141-b15)
# Java VM: Java HotSpot(TM) Client VM (25.141-b15 mixed mode windows-x86 )
# Problematic frame:
# C  [vcruntime140.dll+0x32ae]
#
# Failed to write core dump. Minidumps are not enabled by default on client versions of Windows
#
# If you would like to submit a bug report, please visit:
#   http://bugreport.java.com/bugreport/crash.jsp
# The crash happened outside the Java Virtual Machine in native code.
# See problematic frame for where to report the bug.
#

---------------  T H R E A D  ---------------

Current thread (0x16e2d400):  JavaThread "Thread-6" daemon [_thread_in_native, id=11920, stack(0x236b0000,0x23700000)]

siginfo: ExceptionCode=0xc0000005, reading address 0x24147000

Registers:
EAX=0x24191020, EBX=0x00000000, ECX=0x0004a020, EDX=0x000e1000
ESP=0x236ff140, EBP=0x236ff18c, ESI=0x24147000, EDI=0x248b7020
EIP=0x158832ae, EFLAGS=0x00010203

Top of Stack: (sp=0x236ff140)
0x236ff140:   240b0020 24820040 1ff97824 24820040
0x236ff150:   240b0020 000e1000 f044e345 689c0a78
0x236ff160:   236ff480 0070e1f0 236ff19c 027d0697
0x236ff170:   000e1000 00000000 00000000 00000000
0x236ff180:   236ff390 20195aee 00000006 00001f80
0x236ff190:   236ff3c0 16e2d400 027d0632 236ff4b0
0x236ff1a0:   16e7be80 236ff300 236ff224 6433a6e5
0x236ff1b0:   16e7be80 00000000 236ff3b8 16e2d400 

Instructions: (pc=0x158832ae)
0x1588328e:   00 73 13 0f ba 25 24 00 89 15 01 0f 82 8e 04 00
0x1588329e:   00 e9 e3 01 00 00 0f ba 25 e0 02 89 15 01 73 09
0x158832ae:   f3 a4 8b 44 24 0c 5e 5f c3 8b c7 33 c6 a9 0f 00
0x158832be:   00 00 75 0e 0f ba 25 24 00 89 15 01 0f 82 e0 03 


Register to memory mapping:

EAX=0x24191020 is an unknown value
EBX=0x00000000 is an unknown value
ECX=0x0004a020 is an unknown value
EDX=0x000e1000 is an unknown value
ESP=0x236ff140 is pointing into the stack for thread: 0x16e2d400
EBP=0x236ff18c is pointing into the stack for thread: 0x16e2d400
ESI=0x24147000 is an unknown value
EDI=0x248b7020 is an unknown value


Stack: [0x236b0000,0x23700000],  sp=0x236ff140,  free space=316k
Native frames: (J=compiled Java code, j=interpreted, Vv=VM code, C=native code)
C  [vcruntime140.dll+0x32ae]
C  0x236ff3c0

Java frames: (J=compiled Java code, j=interpreted, Vv=VM code)
j  org.bytedeco.opencv.opencv_videoio.VideoCapture.retrieve(Lorg/bytedeco/opencv/opencv_core/Mat;)Z+0
j  com.QuanLyPhongKham.UI.QuanLyNhanVien$DaemonThread.run()V+38
j  java.lang.Thread.run()V+11
v  ~StubRoutines::call_stub

---------------  P R O C E S S  ---------------

Java Threads: ( => current thread )
=>0x16e2d400 JavaThread "Thread-6" daemon [_thread_in_native, id=11920, stack(0x236b0000,0x23700000)]
  0x16d91c00 JavaThread "TimerQueue" daemon [_thread_blocked, id=7464, stack(0x233c0000,0x23410000)]
  0x16ccdc00 JavaThread "Swing-Shell" daemon [_thread_blocked, id=8544, stack(0x21c30000,0x21c80000)]
  0x16ccb000 JavaThread "Image Fetcher 0" daemon [_thread_blocked, id=6436, stack(0x218d0000,0x21920000)]
  0x154a6800 JavaThread "JavaCPP Deallocator" daemon [_thread_blocked, id=8964, stack(0x16440000,0x16490000)]
  0x0022c800 JavaThread "DestroyJavaVM" [_thread_blocked, id=1952, stack(0x009c0000,0x00a10000)]
  0x15495c00 JavaThread "AWT-EventQueue-0" [_thread_blocked, id=11824, stack(0x162b0000,0x16300000)]
  0x153c9000 JavaThread "AWT-Windows" daemon [_thread_in_native, id=3004, stack(0x15b10000,0x15b60000)]
  0x153c8400 JavaThread "AWT-Shutdown" [_thread_blocked, id=6524, stack(0x15970000,0x159c0000)]
  0x153c2400 JavaThread "Java2D Disposer" daemon [_thread_blocked, id=2364, stack(0x157e0000,0x15830000)]
  0x14cdfc00 JavaThread "Service Thread" daemon [_thread_blocked, id=4488, stack(0x150d0000,0x15120000)]
  0x14cbf800 JavaThread "C1 CompilerThread0" daemon [_thread_blocked, id=10988, stack(0x15250000,0x152a0000)]
  0x14cbe400 JavaThread "Attach Listener" daemon [_thread_blocked, id=6896, stack(0x00f10000,0x00f60000)]
  0x14cbb400 JavaThread "Signal Dispatcher" daemon [_thread_blocked, id=7980, stack(0x14f40000,0x14f90000)]
  0x14ca6c00 JavaThread "Finalizer" daemon [_thread_blocked, id=8164, stack(0x00f60000,0x00fb0000)]
  0x14c80400 JavaThread "Reference Handler" daemon [_thread_blocked, id=3720, stack(0x14f90000,0x14fe0000)]

Other Threads:
  0x14c7ac00 VMThread [stack: 0x00ec0000,0x00f10000] [id=12140]
  0x14ce8c00 WatcherThread [stack: 0x152d0000,0x15320000] [id=2824]

VM state:not at safepoint (normal execution)

VM Mutex/Monitor currently owned by a thread: None

Heap:
 def new generation   total 6976K, used 6817K [0x04800000, 0x04f90000, 0x09d50000)
  eden space 6208K,  97% used [0x04800000, 0x04dea0b0, 0x04e10000)
  from space 768K,  99% used [0x04e10000, 0x04ece718, 0x04ed0000)
  to   space 768K,   0% used [0x04ed0000, 0x04ed0000, 0x04f90000)
 tenured generation   total 15336K, used 12475K [0x09d50000, 0x0ac4a000, 0x14800000)
   the space 15336K,  81% used [0x09d50000, 0x0a97ee18, 0x0a97f000, 0x0ac4a000)
 Metaspace       used 17787K, capacity 18014K, committed 18176K, reserved 18816K

Card table byte_map: [0x00a10000,0x00aa0000] byte_map_base: 0x009ec000

Polling page: 0x001e0000

CodeCache: size=32768Kb used=2871Kb max_used=2871Kb free=29896Kb
 bounds [0x027d0000, 0x02aa0000, 0x047d0000]
 total_blobs=1661 nmethods=1203 adapters=388
 compilation: enabled

Compilation events (10 events):
Event: 4.430 Thread 0x14cbf800 1245             java.util.PriorityQueue::peek (18 bytes)
Event: 4.430 Thread 0x14cbf800 nmethod 1245 0x028fcac8 code [0x028fcbc0, 0x028fcc80]
Event: 4.430 Thread 0x14cbf800 1246             java.security.AccessControlContext::optimize (318 bytes)
Event: 4.431 Thread 0x14cbf800 nmethod 1246 0x02a9c0c8 code [0x02a9c2d0, 0x02a9cbd8]
Event: 4.446 Thread 0x14cbf800 1247             javax.swing.TimerQueue$DelayedTimer::compareTo (9 bytes)
Event: 4.446 Thread 0x14cbf800 nmethod 1247 0x02a9d4c8 code [0x02a9d5d0, 0x02a9d6ac]
Event: 4.446 Thread 0x14cbf800 1248             javax.swing.TimerQueue$DelayedTimer::compareTo (101 bytes)
Event: 4.446 Thread 0x14cbf800 nmethod 1248 0x02a9d748 code [0x02a9d860, 0x02a9db90]
Event: 4.510 Thread 0x14cbf800 1249             java.util.concurrent.locks.AbstractQueuedSynchronizer$ConditionObject::awaitNanos (156 bytes)
Event: 4.511 Thread 0x14cbf800 nmethod 1249 0x02a9dc88 code [0x02a9de50, 0x02a9e418]

GC Heap History (10 events):
Event: 3.059 GC heap before
{Heap before GC invocations=31 (full 1):
 def new generation   total 4992K, used 4992K [0x04800000, 0x04d60000, 0x09d50000)
  eden space 4480K, 100% used [0x04800000, 0x04c60000, 0x04c60000)
  from space 512K, 100% used [0x04ce0000, 0x04d60000, 0x04d60000)
  to   space 512K,   0% used [0x04c60000, 0x04c60000, 0x04ce0000)
 tenured generation   total 10944K, used 10001K [0x09d50000, 0x0a800000, 0x14800000)
   the space 10944K,  91% used [0x09d50000, 0x0a714468, 0x0a714600, 0x0a800000)
 Metaspace       used 15414K, capacity 15640K, committed 15744K, reserved 15744K
Event: 3.087 GC heap after
Heap after GC invocations=32 (full 2):
 def new generation   total 6976K, used 0K [0x04800000, 0x04f90000, 0x09d50000)
  eden space 6208K,   0% used [0x04800000, 0x04800000, 0x04e10000)
  from space 768K,   0% used [0x04e10000, 0x04e10000, 0x04ed0000)
  to   space 768K,   0% used [0x04ed0000, 0x04ed0000, 0x04f90000)
 tenured generation   total 15336K, used 9199K [0x09d50000, 0x0ac4a000, 0x14800000)
   the space 15336K,  59% used [0x09d50000, 0x0a64bcd8, 0x0a64be00, 0x0ac4a000)
 Metaspace       used 15414K, capacity 15640K, committed 15744K, reserved 15744K
}
Event: 3.231 GC heap before
{Heap before GC invocations=32 (full 2):
 def new generation   total 6976K, used 6208K [0x04800000, 0x04f90000, 0x09d50000)
  eden space 6208K, 100% used [0x04800000, 0x04e10000, 0x04e10000)
  from space 768K,   0% used [0x04e10000, 0x04e10000, 0x04ed0000)
  to   space 768K,   0% used [0x04ed0000, 0x04ed0000, 0x04f90000)
 tenured generation   total 15336K, used 9199K [0x09d50000, 0x0ac4a000, 0x14800000)
   the space 15336K,  59% used [0x09d50000, 0x0a64bcd8, 0x0a64be00, 0x0ac4a000)
 Metaspace       used 16229K, capacity 16445K, committed 16640K, reserved 16768K
Event: 3.235 GC heap after
Heap after GC invocations=33 (full 2):
 def new generation   total 6976K, used 768K [0x04800000, 0x04f90000, 0x09d50000)
  eden space 6208K,   0% used [0x04800000, 0x04800000, 0x04e10000)
  from space 768K, 100% used [0x04ed0000, 0x04f90000, 0x04f90000)
  to   space 768K,   0% used [0x04e10000, 0x04e10000, 0x04ed0000)
 tenured generation   total 15336K, used 9497K [0x09d50000, 0x0ac4a000, 0x14800000)
   the space 15336K,  61% used [0x09d50000, 0x0a696418, 0x0a696600, 0x0ac4a000)
 Metaspace       used 16229K, capacity 16445K, committed 16640K, reserved 16768K
}
Event: 3.388 GC heap before
{Heap before GC invocations=33 (full 2):
 def new generation   total 6976K, used 6976K [0x04800000, 0x04f90000, 0x09d50000)
  eden space 6208K, 100% used [0x04800000, 0x04e10000, 0x04e10000)
  from space 768K, 100% used [0x04ed0000, 0x04f90000, 0x04f90000)
  to   space 768K,   0% used [0x04e10000, 0x04e10000, 0x04ed0000)
 tenured generation   total 15336K, used 9497K [0x09d50000, 0x0ac4a000, 0x14800000)
   the space 15336K,  61% used [0x09d50000, 0x0a696418, 0x0a696600, 0x0ac4a000)
 Metaspace       used 16688K, capacity 16926K, committed 17024K, reserved 17792K
Event: 3.394 GC heap after
Heap after GC invocations=34 (full 2):
 def new generation   total 6976K, used 768K [0x04800000, 0x04f90000, 0x09d50000)
  eden space 6208K,   0% used [0x04800000, 0x04800000, 0x04e10000)
  from space 768K, 100% used [0x04e10000, 0x04ed0000, 0x04ed0000)
  to   space 768K,   0% used [0x04ed0000, 0x04ed0000, 0x04f90000)
 tenured generation   total 15336K, used 10555K [0x09d50000, 0x0ac4a000, 0x14800000)
   the space 15336K,  68% used [0x09d50000, 0x0a79ed78, 0x0a79ee00, 0x0ac4a000)
 Metaspace       used 16688K, capacity 16926K, committed 17024K, reserved 17792K
}
Event: 3.481 GC heap before
{Heap before GC invocations=34 (full 2):
 def new generation   total 6976K, used 6976K [0x04800000, 0x04f90000, 0x09d50000)
  eden space 6208K, 100% used [0x04800000, 0x04e10000, 0x04e10000)
  from space 768K, 100% used [0x04e10000, 0x04ed0000, 0x04ed0000)
  to   space 768K,   0% used [0x04ed0000, 0x04ed0000, 0x04f90000)
 tenured generation   total 15336K, used 10555K [0x09d50000, 0x0ac4a000, 0x14800000)
   the space 15336K,  68% used [0x09d50000, 0x0a79ed78, 0x0a79ee00, 0x0ac4a000)
 Metaspace       used 17026K, capacity 17278K, committed 17408K, reserved 17792K
Event: 3.487 GC heap after
Heap after GC invocations=35 (full 2):
 def new generation   total 6976K, used 767K [0x04800000, 0x04f90000, 0x09d50000)
  eden space 6208K,   0% used [0x04800000, 0x04800000, 0x04e10000)
  from space 768K,  99% used [0x04ed0000, 0x04f8fff8, 0x04f90000)
  to   space 768K,   0% used [0x04e10000, 0x04e10000, 0x04ed0000)
 tenured generation   total 15336K, used 11834K [0x09d50000, 0x0ac4a000, 0x14800000)
   the space 15336K,  77% used [0x09d50000, 0x0a8de848, 0x0a8dea00, 0x0ac4a000)
 Metaspace       used 17026K, capacity 17278K, committed 17408K, reserved 17792K
}
Event: 3.753 GC heap before
{Heap before GC invocations=35 (full 2):
 def new generation   total 6976K, used 4102K [0x04800000, 0x04f90000, 0x09d50000)
  eden space 6208K,  53% used [0x04800000, 0x04b41af8, 0x04e10000)
  from space 768K,  99% used [0x04ed0000, 0x04f8fff8, 0x04f90000)
  to   space 768K,   0% used [0x04e10000, 0x04e10000, 0x04ed0000)
 tenured generation   total 15336K, used 11834K [0x09d50000, 0x0ac4a000, 0x14800000)
   the space 15336K,  77% used [0x09d50000, 0x0a8de848, 0x0a8dea00, 0x0ac4a000)
 Metaspace       used 17639K, capacity 17886K, committed 18048K, reserved 18816K
Event: 3.757 GC heap after
Heap after GC invocations=36 (full 2):
 def new generation   total 6976K, used 761K [0x04800000, 0x04f90000, 0x09d50000)
  eden space 6208K,   0% used [0x04800000, 0x04800000, 0x04e10000)
  from space 768K,  99% used [0x04e10000, 0x04ece718, 0x04ed0000)
  to   space 768K,   0% used [0x04ed0000, 0x04ed0000, 0x04f90000)
 tenured generation   total 15336K, used 12475K [0x09d50000, 0x0ac4a000, 0x14800000)
   the space 15336K,  81% used [0x09d50000, 0x0a97ee18, 0x0a97f000, 0x0ac4a000)
 Metaspace       used 17639K, capacity 17886K, committed 18048K, reserved 18816K
}

Deoptimization events (0 events):
No events

Internal exceptions (10 events):
Event: 1.815 Thread 0x15495c00 Exception <a 'java/lang/UnsatisfiedLinkError'> (0x04984568) thrown at [C:\workspace\8-2-build-windows-i586-cygwin\jdk8u141\9370\hotspot\src\share\vm\prims\jvm.cpp, line 3982]
Event: 1.815 Thread 0x15495c00 Exception <a 'java/lang/UnsatisfiedLinkError'> (0x04984568) thrown at [C:\workspace\8-2-build-windows-i586-cygwin\jdk8u141\9370\hotspot\src\share\vm\prims\jni.cpp, line 709]
Event: 1.926 Thread 0x15495c00 Exception <a 'java/lang/UnsatisfiedLinkError'> (0x049ca488) thrown at [C:\workspace\8-2-build-windows-i586-cygwin\jdk8u141\9370\hotspot\src\share\vm\prims\jvm.cpp, line 3982]
Event: 1.926 Thread 0x15495c00 Exception <a 'java/lang/UnsatisfiedLinkError'> (0x049ca488) thrown at [C:\workspace\8-2-build-windows-i586-cygwin\jdk8u141\9370\hotspot\src\share\vm\prims\jni.cpp, line 709]
Event: 2.093 Thread 0x15495c00 Exception <a 'java/lang/UnsatisfiedLinkError'> (0x04963bd0) thrown at [C:\workspace\8-2-build-windows-i586-cygwin\jdk8u141\9370\hotspot\src\share\vm\prims\jvm.cpp, line 3982]
Event: 2.093 Thread 0x15495c00 Exception <a 'java/lang/UnsatisfiedLinkError'> (0x04963bd0) thrown at [C:\workspace\8-2-build-windows-i586-cygwin\jdk8u141\9370\hotspot\src\share\vm\prims\jni.cpp, line 709]
Event: 2.108 Thread 0x15495c00 Exception <a 'java/lang/UnsatisfiedLinkError'> (0x04ab9bf8) thrown at [C:\workspace\8-2-build-windows-i586-cygwin\jdk8u141\9370\hotspot\src\share\vm\prims\jvm.cpp, line 3982]
Event: 2.108 Thread 0x15495c00 Exception <a 'java/lang/UnsatisfiedLinkError'> (0x04ab9bf8) thrown at [C:\workspace\8-2-build-windows-i586-cygwin\jdk8u141\9370\hotspot\src\share\vm\prims\jni.cpp, line 709]
Event: 3.089 Thread 0x16eea400 Exception <a 'java/lang/UnsatisfiedLinkError'> (0x048371e8) thrown at [C:\workspace\8-2-build-windows-i586-cygwin\jdk8u141\9370\hotspot\src\share\vm\prims\jvm.cpp, line 3982]
Event: 3.089 Thread 0x16eea400 Exception <a 'java/lang/UnsatisfiedLinkError'> (0x048371e8) thrown at [C:\workspace\8-2-build-windows-i586-cygwin\jdk8u141\9370\hotspot\src\share\vm\prims\jni.cpp, line 709]

Events (10 events):
Event: 3.851 loading class sun/awt/im/CompositionAreaHandler done
Event: 3.851 loading class java/text/AttributedString
Event: 3.851 loading class java/text/AttributedString done
Event: 3.851 loading class java/text/AttributedString$AttributedStringIterator
Event: 3.851 loading class java/text/AttributedCharacterIterator
Event: 3.851 loading class java/text/AttributedCharacterIterator done
Event: 3.852 loading class java/text/AttributedString$AttributedStringIterator done
Event: 4.201 Executing VM operation: EnableBiasedLocking
Event: 4.202 Executing VM operation: EnableBiasedLocking done
Event: 4.350 Thread 0x14cbf800 flushing nmethod 0x028fc888


Dynamic libraries:
0x01390000 - 0x013c3000 	C:\Program Files (x86)\Java\jdk1.8.0_141\jre\bin\java.exe
0x76f20000 - 0x770a0000 	C:\Windows\SysWOW64\ntdll.dll
0x75890000 - 0x759a0000 	C:\Windows\syswow64\kernel32.dll
0x754a0000 - 0x754e7000 	C:\Windows\syswow64\KERNELBASE.dll
0x74c80000 - 0x74d21000 	C:\Windows\syswow64\ADVAPI32.dll
0x75cf0000 - 0x75d9c000 	C:\Windows\syswow64\msvcrt.dll
0x74bb0000 - 0x74bc9000 	C:\Windows\SysWOW64\sechost.dll
0x74fb0000 - 0x750a0000 	C:\Windows\syswow64\RPCRT4.dll
0x74690000 - 0x746f0000 	C:\Windows\syswow64\SspiCli.dll
0x74680000 - 0x7468c000 	C:\Windows\syswow64\CRYPTBASE.dll
0x74eb0000 - 0x74fb0000 	C:\Windows\syswow64\USER32.dll
0x76a70000 - 0x76b00000 	C:\Windows\syswow64\GDI32.dll
0x75620000 - 0x7562a000 	C:\Windows\syswow64\LPK.dll
0x74d30000 - 0x74dcd000 	C:\Windows\syswow64\USP10.dll
0x73e20000 - 0x73fbe000 	C:\Windows\WinSxS\x86_microsoft.windows.common-controls_6595b64144ccf1df_6.0.7601.18837_none_41e855142bd5705d\COMCTL32.dll
0x759d0000 - 0x75a27000 	C:\Windows\syswow64\SHLWAPI.dll
0x75650000 - 0x756b0000 	C:\Windows\system32\IMM32.DLL
0x746f0000 - 0x747bd000 	C:\Windows\syswow64\MSCTF.dll
0x69b10000 - 0x69bcf000 	C:\Program Files (x86)\Java\jdk1.8.0_141\jre\bin\msvcr100.dll
0x641e0000 - 0x645ae000 	C:\Program Files (x86)\Java\jdk1.8.0_141\jre\bin\client\jvm.dll
0x69bd0000 - 0x69bd7000 	C:\Windows\system32\WSOCK32.dll
0x756b0000 - 0x756e5000 	C:\Windows\syswow64\WS2_32.dll
0x74c70000 - 0x74c76000 	C:\Windows\syswow64\NSI.dll
0x70b60000 - 0x70b92000 	C:\Windows\system32\WINMM.dll
0x74350000 - 0x74359000 	C:\Windows\system32\VERSION.dll
0x74ea0000 - 0x74ea5000 	C:\Windows\syswow64\PSAPI.DLL
0x69be0000 - 0x69bec000 	C:\Program Files (x86)\Java\jdk1.8.0_141\jre\bin\verify.dll
0x69ab0000 - 0x69ad1000 	C:\Program Files (x86)\Java\jdk1.8.0_141\jre\bin\java.dll
0x69a90000 - 0x69aa3000 	C:\Program Files (x86)\Java\jdk1.8.0_141\jre\bin\zip.dll
0x75da0000 - 0x769ec000 	C:\Windows\syswow64\SHELL32.dll
0x75a30000 - 0x75b8d000 	C:\Windows\syswow64\ole32.dll
0x75560000 - 0x7556b000 	C:\Windows\syswow64\profapi.dll
0x64830000 - 0x64975000 	C:\Program Files (x86)\Java\jdk1.8.0_141\jre\bin\awt.dll
0x75580000 - 0x75611000 	C:\Windows\syswow64\OLEAUT32.dll
0x718e0000 - 0x71960000 	C:\Windows\system32\uxtheme.dll
0x704f0000 - 0x70503000 	C:\Windows\system32\dwmapi.dll
0x69a20000 - 0x69a59000 	C:\Program Files (x86)\Java\jdk1.8.0_141\jre\bin\fontmanager.dll
0x62c30000 - 0x62cf8000 	C:\Windows\system32\opengl32.dll
0x62de0000 - 0x62e02000 	C:\Windows\system32\GLU32.dll
0x629f0000 - 0x62ad7000 	C:\Windows\system32\DDRAW.dll
0x725f0000 - 0x725f6000 	C:\Windows\system32\DCIMAN32.dll
0x756f0000 - 0x7588d000 	C:\Windows\syswow64\SETUPAPI.dll
0x74dd0000 - 0x74df7000 	C:\Windows\syswow64\CFGMGR32.dll
0x75630000 - 0x75642000 	C:\Windows\syswow64\DEVOBJ.dll
0x00230000 - 0x00233000 	C:\Users\p\.javacpp\cache\javacpp-windows-x86.jar\org\bytedeco\javacpp\windows-x86\api-ms-win-crt-locale-l1-1-0.dll
0x69a70000 - 0x69a86000 	C:\Program Files (x86)\Java\jdk1.8.0_141\jre\bin\net.dll
0x73450000 - 0x7348c000 	C:\Windows\system32\mswsock.dll
0x70cb0000 - 0x70cb6000 	C:\Windows\System32\wship6.dll
0x69a60000 - 0x69a6f000 	C:\Program Files (x86)\Java\jdk1.8.0_141\jre\bin\nio.dll
0x00240000 - 0x00244000 	C:\Users\p\.javacpp\cache\javacpp-windows-x86.jar\org\bytedeco\javacpp\windows-x86\api-ms-win-crt-string-l1-1-0.dll
0x00250000 - 0x00254000 	C:\Users\p\.javacpp\cache\javacpp-windows-x86.jar\org\bytedeco\javacpp\windows-x86\api-ms-win-crt-stdio-l1-1-0.dll
0x003b0000 - 0x003b5000 	C:\Users\p\.javacpp\cache\javacpp-windows-x86.jar\org\bytedeco\javacpp\windows-x86\api-ms-win-crt-math-l1-1-0.dll
0x008c0000 - 0x008c3000 	C:\Users\p\.javacpp\cache\javacpp-windows-x86.jar\org\bytedeco\javacpp\windows-x86\api-ms-win-crt-heap-l1-1-0.dll
0x00990000 - 0x00994000 	C:\Users\p\.javacpp\cache\javacpp-windows-x86.jar\org\bytedeco\javacpp\windows-x86\api-ms-win-crt-runtime-l1-1-0.dll
0x009a0000 - 0x009a4000 	C:\Users\p\.javacpp\cache\javacpp-windows-x86.jar\org\bytedeco\javacpp\windows-x86\api-ms-win-crt-convert-l1-1-0.dll
0x009b0000 - 0x009b3000 	C:\Users\p\.javacpp\cache\javacpp-windows-x86.jar\org\bytedeco\javacpp\windows-x86\api-ms-win-crt-environment-l1-1-0.dll
0x00e30000 - 0x00e33000 	C:\Users\p\.javacpp\cache\javacpp-windows-x86.jar\org\bytedeco\javacpp\windows-x86\api-ms-win-crt-time-l1-1-0.dll
0x00ff0000 - 0x00ff3000 	C:\Users\p\.javacpp\cache\javacpp-windows-x86.jar\org\bytedeco\javacpp\windows-x86\api-ms-win-crt-filesystem-l1-1-0.dll
0x01350000 - 0x01353000 	C:\Users\p\.javacpp\cache\javacpp-windows-x86.jar\org\bytedeco\javacpp\windows-x86\api-ms-win-crt-utility-l1-1-0.dll
0x01360000 - 0x01365000 	C:\Users\p\.javacpp\cache\javacpp-windows-x86.jar\org\bytedeco\javacpp\windows-x86\api-ms-win-crt-multibyte-l1-1-0.dll
0x01370000 - 0x01373000 	C:\Users\p\.javacpp\cache\javacpp-windows-x86.jar\org\bytedeco\javacpp\windows-x86\api-ms-win-crt-conio-l1-1-0.dll
0x01380000 - 0x01390000 	C:\Users\p\.javacpp\cache\javacpp-windows-x86.jar\org\bytedeco\javacpp\windows-x86\api-ms-win-crt-private-l1-1-0.dll
0x047d0000 - 0x047d3000 	C:\Users\p\.javacpp\cache\javacpp-windows-x86.jar\org\bytedeco\javacpp\windows-x86\api-ms-win-crt-process-l1-1-0.dll
0x047e0000 - 0x047e3000 	C:\Users\p\.javacpp\cache\javacpp-windows-x86.jar\org\bytedeco\javacpp\windows-x86\api-ms-win-core-console-l1-2-0.dll
0x047f0000 - 0x047f3000 	C:\Users\p\.javacpp\cache\javacpp-windows-x86.jar\org\bytedeco\javacpp\windows-x86\api-ms-win-core-string-l1-1-0.dll
0x14e60000 - 0x14e63000 	C:\Users\p\.javacpp\cache\javacpp-windows-x86.jar\org\bytedeco\javacpp\windows-x86\api-ms-win-core-errorhandling-l1-1-0.dll
0x14e70000 - 0x14e73000 	C:\Users\p\.javacpp\cache\javacpp-windows-x86.jar\org\bytedeco\javacpp\windows-x86\api-ms-win-core-timezone-l1-1-0.dll
0x14f00000 - 0x14f04000 	C:\Users\p\.javacpp\cache\javacpp-windows-x86.jar\org\bytedeco\javacpp\windows-x86\api-ms-win-core-file-l1-1-0.dll
0x14f10000 - 0x14f13000 	C:\Users\p\.javacpp\cache\javacpp-windows-x86.jar\org\bytedeco\javacpp\windows-x86\api-ms-win-core-namedpipe-l1-1-0.dll
0x14f20000 - 0x14f23000 	C:\Users\p\.javacpp\cache\javacpp-windows-x86.jar\org\bytedeco\javacpp\windows-x86\api-ms-win-core-handle-l1-1-0.dll
0x14f30000 - 0x14f33000 	C:\Users\p\.javacpp\cache\javacpp-windows-x86.jar\org\bytedeco\javacpp\windows-x86\api-ms-win-core-file-l2-1-0.dll
0x150a0000 - 0x150a3000 	C:\Users\p\.javacpp\cache\javacpp-windows-x86.jar\org\bytedeco\javacpp\windows-x86\api-ms-win-core-heap-l1-1-0.dll
0x150b0000 - 0x150b3000 	C:\Users\p\.javacpp\cache\javacpp-windows-x86.jar\org\bytedeco\javacpp\windows-x86\api-ms-win-core-libraryloader-l1-1-0.dll
0x150c0000 - 0x150c3000 	C:\Users\p\.javacpp\cache\javacpp-windows-x86.jar\org\bytedeco\javacpp\windows-x86\api-ms-win-core-synch-l1-1-0.dll
0x151e0000 - 0x151e3000 	C:\Users\p\.javacpp\cache\javacpp-windows-x86.jar\org\bytedeco\javacpp\windows-x86\api-ms-win-core-processthreads-l1-1-0.dll
0x15230000 - 0x15233000 	C:\Users\p\.javacpp\cache\javacpp-windows-x86.jar\org\bytedeco\javacpp\windows-x86\api-ms-win-core-processenvironment-l1-1-0.dll
0x15240000 - 0x15243000 	C:\Users\p\.javacpp\cache\javacpp-windows-x86.jar\org\bytedeco\javacpp\windows-x86\api-ms-win-core-datetime-l1-1-0.dll
0x152a0000 - 0x152a3000 	C:\Users\p\.javacpp\cache\javacpp-windows-x86.jar\org\bytedeco\javacpp\windows-x86\api-ms-win-core-localization-l1-2-0.dll
0x152b0000 - 0x152b3000 	C:\Users\p\.javacpp\cache\javacpp-windows-x86.jar\org\bytedeco\javacpp\windows-x86\api-ms-win-core-sysinfo-l1-1-0.dll
0x152c0000 - 0x152c3000 	C:\Users\p\.javacpp\cache\javacpp-windows-x86.jar\org\bytedeco\javacpp\windows-x86\api-ms-win-core-synch-l1-2-0.dll
0x15760000 - 0x15763000 	C:\Users\p\.javacpp\cache\javacpp-windows-x86.jar\org\bytedeco\javacpp\windows-x86\api-ms-win-core-console-l1-1-0.dll
0x15770000 - 0x15773000 	C:\Users\p\.javacpp\cache\javacpp-windows-x86.jar\org\bytedeco\javacpp\windows-x86\api-ms-win-core-debug-l1-1-0.dll
0x15780000 - 0x15783000 	C:\Users\p\.javacpp\cache\javacpp-windows-x86.jar\org\bytedeco\javacpp\windows-x86\api-ms-win-core-rtlsupport-l1-1-0.dll
0x157d0000 - 0x157d3000 	C:\Users\p\.javacpp\cache\javacpp-windows-x86.jar\org\bytedeco\javacpp\windows-x86\api-ms-win-core-processthreads-l1-1-1.dll
0x15830000 - 0x15833000 	C:\Users\p\.javacpp\cache\javacpp-windows-x86.jar\org\bytedeco\javacpp\windows-x86\api-ms-win-core-file-l1-2-0.dll
0x15840000 - 0x15843000 	C:\Users\p\.javacpp\cache\javacpp-windows-x86.jar\org\bytedeco\javacpp\windows-x86\api-ms-win-core-profile-l1-1-0.dll
0x15850000 - 0x15853000 	C:\Users\p\.javacpp\cache\javacpp-windows-x86.jar\org\bytedeco\javacpp\windows-x86\api-ms-win-core-memory-l1-1-0.dll
0x15860000 - 0x15863000 	C:\Users\p\.javacpp\cache\javacpp-windows-x86.jar\org\bytedeco\javacpp\windows-x86\api-ms-win-core-util-l1-1-0.dll
0x15870000 - 0x15873000 	C:\Users\p\.javacpp\cache\javacpp-windows-x86.jar\org\bytedeco\javacpp\windows-x86\api-ms-win-core-interlocked-l1-1-0.dll
0x16680000 - 0x167a0000 	C:\Users\p\.javacpp\cache\javacpp-windows-x86.jar\org\bytedeco\javacpp\windows-x86\ucrtbase.dll
0x15880000 - 0x15894000 	C:\Users\p\.javacpp\cache\javacpp-windows-x86.jar\org\bytedeco\javacpp\windows-x86\vcruntime140.dll
0x159c0000 - 0x15a2d000 	C:\Users\p\.javacpp\cache\javacpp-windows-x86.jar\org\bytedeco\javacpp\windows-x86\msvcp140.dll
0x158a0000 - 0x158a7000 	C:\Users\p\.javacpp\cache\javacpp-windows-x86.jar\org\bytedeco\javacpp\windows-x86\msvcp140_1.dll
0x158b0000 - 0x158ed000 	C:\Users\p\.javacpp\cache\javacpp-windows-x86.jar\org\bytedeco\javacpp\windows-x86\concrt140.dll
0x15940000 - 0x15967000 	C:\Users\p\.javacpp\cache\javacpp-windows-x86.jar\org\bytedeco\javacpp\windows-x86\vcomp140.dll
0x15a30000 - 0x15a3c000 	C:\Users\p\.javacpp\cache\javacpp-windows-x86.jar\org\bytedeco\javacpp\windows-x86\jnijavacpp.dll
0x6cd30000 - 0x6e353000 	C:\Users\p\.javacpp\cache\openblas-windows-x86.jar\org\bytedeco\openblas\windows-x86\libopenblas_nolapack.dll
0x16fa0000 - 0x16fe8000 	C:\Users\p\.javacpp\cache\openblas-windows-x86.jar\org\bytedeco\openblas\windows-x86\jniopenblas_nolapack.dll
0x1a5d0000 - 0x1bbf3000 	C:\Users\p\.javacpp\cache\openblas-windows-x86.jar\org\bytedeco\openblas\windows-x86\libopenblas.dll
0x1ee30000 - 0x1fe09000 	C:\Users\p\.javacpp\cache\openblas-windows-x86.jar\org\bytedeco\openblas\windows-x86\jniopenblas.dll
0x1ff10000 - 0x202b0000 	C:\Users\p\.javacpp\cache\opencv-windows-x86.jar\org\bytedeco\opencv\windows-x86\opencv_core453.dll
0x202b0000 - 0x20843000 	C:\Users\p\.javacpp\cache\opencv-windows-x86.jar\org\bytedeco\opencv\windows-x86\opencv_imgproc453.dll
0x20850000 - 0x20b27000 	C:\Users\p\.javacpp\cache\opencv-windows-x86.jar\org\bytedeco\opencv\windows-x86\jniopencv_core.dll
0x20c30000 - 0x20d60000 	C:\Users\p\.javacpp\cache\opencv-windows-x86.jar\org\bytedeco\opencv\windows-x86\jniopencv_imgproc.dll
0x20d60000 - 0x2111d000 	C:\Users\p\.javacpp\cache\opencv-windows-x86.jar\org\bytedeco\opencv\windows-x86\opencv_imgcodecs453.dll
0x16280000 - 0x162ab000 	C:\Users\p\.javacpp\cache\opencv-windows-x86.jar\org\bytedeco\opencv\windows-x86\jniopencv_imgcodecs.dll
0x1a420000 - 0x1a4c9000 	C:\Users\p\.javacpp\cache\opencv-windows-x86.jar\org\bytedeco\opencv\windows-x86\opencv_videoio453.dll
0x72450000 - 0x724aa000 	C:\Windows\system32\MFPlat.DLL
0x72640000 - 0x72647000 	C:\Windows\system32\AVRT.dll
0x68990000 - 0x68ca2000 	C:\Windows\system32\MF.dll
0x724b0000 - 0x724c4000 	C:\Windows\system32\ATL.DLL
0x72440000 - 0x72444000 	C:\Windows\system32\ksuser.dll
0x649c0000 - 0x649f3000 	C:\Windows\system32\MFReadWrite.dll
0x70b10000 - 0x70b5c000 	C:\Windows\system32\dxgi.dll
0x6f8c0000 - 0x6fa35000 	C:\Windows\system32\d3d11.dll
0x16490000 - 0x164b7000 	C:\Users\p\.javacpp\cache\opencv-windows-x86.jar\org\bytedeco\opencv\windows-x86\jniopencv_videoio.dll
0x1a260000 - 0x1a2ca000 	C:\Users\p\.javacpp\cache\opencv-windows-x86.jar\org\bytedeco\opencv\windows-x86\opencv_highgui453.dll
0x769f0000 - 0x76a6b000 	C:\Windows\syswow64\COMDLG32.dll
0x1a310000 - 0x1a350000 	C:\Users\p\.javacpp\cache\opencv-windows-x86.jar\org\bytedeco\opencv\windows-x86\jniopencv_highgui.dll
0x1bd00000 - 0x1bd94000 	C:\Users\p\.javacpp\cache\opencv-windows-x86.jar\org\bytedeco\opencv\windows-x86\opencv_flann453.dll
0x16510000 - 0x16531000 	C:\Users\p\.javacpp\cache\opencv-windows-x86.jar\org\bytedeco\opencv\windows-x86\jniopencv_flann.dll
0x21120000 - 0x21222000 	C:\Users\p\.javacpp\cache\opencv-windows-x86.jar\org\bytedeco\opencv\windows-x86\opencv_features2d453.dll
0x21230000 - 0x21292000 	C:\Users\p\.javacpp\cache\opencv-windows-x86.jar\org\bytedeco\opencv\windows-x86\jniopencv_features2d.dll
0x212a0000 - 0x21575000 	C:\Users\p\.javacpp\cache\opencv-windows-x86.jar\org\bytedeco\opencv\windows-x86\opencv_calib3d453.dll
0x21580000 - 0x2164c000 	C:\Users\p\.javacpp\cache\opencv-windows-x86.jar\org\bytedeco\opencv\windows-x86\jniopencv_calib3d.dll
0x21650000 - 0x21724000 	C:\Users\p\.javacpp\cache\opencv-windows-x86.jar\org\bytedeco\opencv\windows-x86\opencv_objdetect453.dll
0x21730000 - 0x2179c000 	C:\Users\p\.javacpp\cache\opencv-windows-x86.jar\org\bytedeco\opencv\windows-x86\jniopencv_objdetect.dll
0x72100000 - 0x72184000 	C:\Windows\WinSxS\x86_microsoft.windows.common-controls_6595b64144ccf1df_5.82.7601.18837_none_ec86b8d6858ec0bc\comctl32.dll

VM Arguments:
jvm_args: -Dfile.encoding=UTF-8 -Djava.library.path=lib\FACE\x64
 
java_command: com.QuanLyPhongKham.UI.QuanLyNhanVien
java_class_path (initial): C:\Users\p\Desktop\Netbeans connect database sql\RSCalendar.jar;C:\Users\p\Desktop\Netbeans connect database sql\RSFoto_v1.0.jar;C:\Users\p\Desktop\Netbeans connect database sql\jcalendar-1.4.jar;C:\Users\p\Desktop\Netbeans connect database sql\sqljdbc4.jar;C:\Users\p\Desktop\Netbeans connect database sql\jcommon-1.0.23.jar;C:\Users\p\Desktop\Netbeans connect database sql\jfreechart-1.5.0.jar;D:\Netbeans connect database sql\FACE\itext.jar;D:\Netbeans connect database sql\FACE\javacpp-platform.jar;D:\Netbeans connect database sql\FACE\javacpp.jar;D:\Netbeans connect database sql\FACE\javacv-platform.jar;D:\Netbeans connect database sql\FACE\javacv.jar;D:\Netbeans connect database sql\FACE\openblas-platform.jar;D:\Netbeans connect database sql\FACE\openblas.jar;D:\Netbeans connect database sql\FACE\opencv-platform.jar;D:\Netbeans connect database sql\FACE\opencv.jar;D:\Netbeans connect database sql\FACE\sqljdbc42.jar;D:\Netbeans connect database sql\FACE\javacpp-windows-x86_64.jar;D:\Netbeans connect database sql\FACE\javacv-windows-x86_64.jar;D:\Netbeans connect database sql\FACE\openblas-windows-x86_64.jar;D:\Netbeans connect database sql\FACE\opencv-windows-x86_64.jar;D:\Teamduan\Quanlyphongkham1\QuanLyPhongKham\build\classes
Launcher Type: SUN_STANDARD

Environment Variables:
PATH=C:\Program Files\Common Files\Oracle\Java\javapath;C:\Program Files (x86)\Common Files\Oracle\Java\javapath;C:\ProgramData\Oracle\Java\javapath;C:\Windows\system32;C:\Windows;C:\Windows\System32\Wbem;C:\Windows\System32\WindowsPowerShell\v1.0\;C:\Program Files\Microsoft SQL Server\Client SDK\ODBC\110\Tools\Binn\;C:\Program Files (x86)\Microsoft SQL Server\120\Tools\Binn\;C:\Program Files\Microsoft SQL Server\120\Tools\Binn\;C:\Program Files\Microsoft SQL Server\120\DTS\Binn\;C:\Program Files\Git\cmd;C:\Program Files (x86)\Microsoft SQL Server\110\Tools\Binn\;C:\Program Files\Microsoft SQL Server\110\Tools\Binn\;C:\Program Files\Microsoft SQL Server\110\DTS\Binn\;C:\Program Files (x86)\Microsoft SQL Server\110\Tools\Binn\ManagementStudio\;C:\Program Files (x86)\Microsoft SQL Server\110\DTS\Binn\;C:\Users\p\AppData\Local\GitHubDesktop\bin;D:\Netbeans connect database sql\Microsoft VS Code\bin
USERNAME=p
OS=Windows_NT
PROCESSOR_IDENTIFIER=Intel64 Family 6 Model 58 Stepping 9, GenuineIntel



---------------  S Y S T E M  ---------------

OS: Windows 7 , 64 bit Build 7601 (6.1.7601.24214)

CPU:total 4 (initial active 4) (2 cores per cpu, 2 threads per core) family 6 model 58 stepping 9, cmov, cx8, fxsr, mmx, sse, sse2, sse3, ssse3, sse4.1, sse4.2, popcnt, avx, aes, clmul, erms, ht, tsc, tscinvbit, tscinv

Memory: 4k page, physical 6170340k(1174780k free), swap 12338780k(4739480k free)

vm_info: Java HotSpot(TM) Client VM (25.141-b15) for windows-x86 JRE (1.8.0_141-b15), built on Jul 12 2017 04:25:45 by "java_re" with MS VC++ 10.0 (VS2010)

time: Thu Nov 25 14:13:38 2021
elapsed time: 4 seconds (0d 0h 0m 4s)

