#
# A fatal error has been detected by the Java Runtime Environment:
#
#  EXCEPTION_ACCESS_VIOLATION (0xc0000005) at pc=0x153632ae, pid=6212, tid=0x000023c0
#
# JRE version: Java(TM) SE Runtime Environment (8.0_141-b15) (build 1.8.0_141-b15)
# Java VM: Java HotSpot(TM) Client VM (25.141-b15 mixed mode windows-x86 )
# Problematic frame:
# C  [vcruntime140.dll+0x32ae]
#
# Failed to write core dump. Minidumps are not enabled by default on client versions of Windows
#
# If you would like to submit a bug report, please visit:
#   http://bugreport.java.com/bugreport/crash.jsp
# The crash happened outside the Java Virtual Machine in native code.
# See problematic frame for where to report the bug.
#

---------------  T H R E A D  ---------------

Current thread (0x16d90000):  JavaThread "Thread-6" daemon [_thread_in_native, id=9152, stack(0x239b0000,0x23a00000)]

siginfo: ExceptionCode=0xc0000005, reading address 0x23f17000

Registers:
EAX=0x23f61020, EBX=0x00000000, ECX=0x0004a020, EDX=0x000e1000
ESP=0x239ff0a0, EBP=0x239ff0ec, ESI=0x23f17000, EDI=0x246c7020
EIP=0x153632ae, EFLAGS=0x00010203

Top of Stack: (sp=0x239ff0a0)
0x239ff0a0:   23e80020 24630040 1fd97824 24630040
0x239ff0b0:   23e80020 000e1000 57644878 689c0a78
0x239ff0c0:   239ff3e0 217dba68 239ff0fc 02a80697
0x239ff0d0:   000e1000 00000000 00000000 00000000
0x239ff0e0:   239ff2f0 1ff95aee 00000006 00001f80
0x239ff0f0:   239ff320 16d90000 02a80632 239ff410
0x239ff100:   16e81210 239ff300 239ff184 6433a6e5
0x239ff110:   16e81210 00000000 239ff318 16d90000 

Instructions: (pc=0x153632ae)
0x1536328e:   00 73 13 0f ba 25 24 00 37 15 01 0f 82 8e 04 00
0x1536329e:   00 e9 e3 01 00 00 0f ba 25 e0 02 37 15 01 73 09
0x153632ae:   f3 a4 8b 44 24 0c 5e 5f c3 8b c7 33 c6 a9 0f 00
0x153632be:   00 00 75 0e 0f ba 25 24 00 37 15 01 0f 82 e0 03 


Register to memory mapping:

EAX=0x23f61020 is an unknown value
EBX=0x00000000 is an unknown value
ECX=0x0004a020 is an unknown value
EDX=0x000e1000 is an unknown value
ESP=0x239ff0a0 is pointing into the stack for thread: 0x16d90000
EBP=0x239ff0ec is pointing into the stack for thread: 0x16d90000
ESI=0x23f17000 is an unknown value
EDI=0x246c7020 is an unknown value


Stack: [0x239b0000,0x23a00000],  sp=0x239ff0a0,  free space=316k
Native frames: (J=compiled Java code, j=interpreted, Vv=VM code, C=native code)
C  [vcruntime140.dll+0x32ae]
C  0x239ff320

Java frames: (J=compiled Java code, j=interpreted, Vv=VM code)
j  org.bytedeco.opencv.opencv_videoio.VideoCapture.retrieve(Lorg/bytedeco/opencv/opencv_core/Mat;)Z+0
j  com.QuanLyPhongKham.UI.QuanLyNhanVien$DaemonThread.run()V+38
j  java.lang.Thread.run()V+11
v  ~StubRoutines::call_stub

---------------  P R O C E S S  ---------------

Java Threads: ( => current thread )
=>0x16d90000 JavaThread "Thread-6" daemon [_thread_in_native, id=9152, stack(0x239b0000,0x23a00000)]
  0x16d8ec00 JavaThread "TimerQueue" daemon [_thread_blocked, id=10976, stack(0x233b0000,0x23400000)]
  0x16d82400 JavaThread "Swing-Shell" daemon [_thread_blocked, id=11092, stack(0x21b80000,0x21bd0000)]
  0x16d5f400 JavaThread "Image Fetcher 3" daemon [_thread_blocked, id=4808, stack(0x21e30000,0x21e80000)]
  0x16d5f000 JavaThread "Image Fetcher 2" daemon [_thread_blocked, id=10652, stack(0x21cf0000,0x21d40000)]
  0x16d5c800 JavaThread "Image Fetcher 1" daemon [_thread_blocked, id=4464, stack(0x21c70000,0x21cc0000)]
  0x16ccc800 JavaThread "Image Fetcher 0" daemon [_thread_blocked, id=5876, stack(0x21ad0000,0x21b20000)]
  0x15594800 JavaThread "JavaCPP Deallocator" daemon [_thread_blocked, id=9620, stack(0x164c0000,0x16510000)]
  0x00eec800 JavaThread "DestroyJavaVM" [_thread_blocked, id=10780, stack(0x00d50000,0x00da0000)]
  0x15583800 JavaThread "AWT-EventQueue-0" [_thread_in_Java, id=5112, stack(0x15a60000,0x15ab0000)]
  0x154b5c00 JavaThread "AWT-Windows" daemon [_thread_in_native, id=9808, stack(0x15bb0000,0x15c00000)]
  0x154b5400 JavaThread "AWT-Shutdown" [_thread_blocked, id=10048, stack(0x15b50000,0x15ba0000)]
  0x154b0800 JavaThread "Java2D Disposer" daemon [_thread_blocked, id=10000, stack(0x159d0000,0x15a20000)]
  0x01187c00 JavaThread "Service Thread" daemon [_thread_blocked, id=10676, stack(0x153c0000,0x15410000)]
  0x0115f800 JavaThread "C1 CompilerThread0" daemon [_thread_blocked, id=9708, stack(0x151e0000,0x15230000)]
  0x0115e400 JavaThread "Attach Listener" daemon [_thread_blocked, id=9932, stack(0x150f0000,0x15140000)]
  0x0115b400 JavaThread "Signal Dispatcher" daemon [_thread_blocked, id=9976, stack(0x00df0000,0x00e40000)]
  0x01146c00 JavaThread "Finalizer" daemon [_thread_blocked, id=10472, stack(0x15070000,0x150c0000)]
  0x01120400 JavaThread "Reference Handler" daemon [_thread_blocked, id=10972, stack(0x04ac0000,0x04b10000)]

Other Threads:
  0x0111ac00 VMThread [stack: 0x00e40000,0x00e90000] [id=9416]
  0x01188c00 WatcherThread [stack: 0x15160000,0x151b0000] [id=10124]

VM state:not at safepoint (normal execution)

VM Mutex/Monitor currently owned by a thread: None

Heap:
 def new generation   total 7104K, used 4092K [0x04c00000, 0x053b0000, 0x0a150000)
  eden space 6336K,  52% used [0x04c00000, 0x04f3f328, 0x05230000)
  from space 768K, 100% used [0x05230000, 0x052f0000, 0x052f0000)
  to   space 768K,   0% used [0x052f0000, 0x052f0000, 0x053b0000)
 tenured generation   total 15680K, used 11053K [0x0a150000, 0x0b0a0000, 0x14c00000)
   the space 15680K,  70% used [0x0a150000, 0x0ac1b5b0, 0x0ac1b600, 0x0b0a0000)
 Metaspace       used 17026K, capacity 17278K, committed 17408K, reserved 17792K

Card table byte_map: [0x00460000,0x004f0000] byte_map_base: 0x0043a000

Polling page: 0x00190000

CodeCache: size=32768Kb used=2699Kb max_used=2699Kb free=30068Kb
 bounds [0x02a80000, 0x02d28000, 0x04a80000]
 total_blobs=1569 nmethods=1116 adapters=383
 compilation: enabled

Compilation events (10 events):
Event: 7.272 Thread 0x0115f800 1129             sun.security.x509.X509CertImpl::byte2hex (127 bytes)
Event: 7.272 Thread 0x0115f800 nmethod 1129 0x02d1a708 code [0x02d1a860, 0x02d1b0b0]
Event: 7.273 Thread 0x0115f800 1130             sun.reflect.Reflection::quickCheckMemberAccess (10 bytes)
Event: 7.273 Thread 0x0115f800 nmethod 1130 0x02d1b808 code [0x02d1b900, 0x02d1b99c]
Event: 7.277 Thread 0x0115f800 1131             java.util.AbstractSet::<init> (5 bytes)
Event: 7.277 Thread 0x0115f800 nmethod 1131 0x02d1ba08 code [0x02d1bb00, 0x02d1bb80]
Event: 7.277 Thread 0x0115f800 1132             sun.security.util.AbstractAlgorithmConstraints::checkAlgorithm (138 bytes)
Event: 7.278 Thread 0x0115f800 nmethod 1132 0x02d1bbc8 code [0x02d1bd30, 0x02d1bfe4]
Event: 7.279 Thread 0x0115f800 1133             java.util.HashMap::<init> (11 bytes)
Event: 7.279 Thread 0x0115f800 nmethod 1133 0x02d1c388 code [0x02d1c480, 0x02d1c500]

GC Heap History (10 events):
Event: 4.016 GC heap before
{Heap before GC invocations=28 (full 1):
 def new generation   total 4992K, used 3237K [0x04c00000, 0x05160000, 0x0a150000)
  eden space 4480K,  72% used [0x04c00000, 0x04f29518, 0x05060000)
  from space 512K,   0% used [0x05060000, 0x05060000, 0x050e0000)
  to   space 512K,   0% used [0x050e0000, 0x050e0000, 0x05160000)
 tenured generation   total 10944K, used 4565K [0x0a150000, 0x0ac00000, 0x14c00000)
   the space 10944K,  41% used [0x0a150000, 0x0a5c5410, 0x0a5c5600, 0x0ac00000)
 Metaspace       used 13779K, capacity 13973K, committed 14080K, reserved 14720K
Event: 4.019 GC heap after
Heap after GC invocations=29 (full 1):
 def new generation   total 4992K, used 512K [0x04c00000, 0x05160000, 0x0a150000)
  eden space 4480K,   0% used [0x04c00000, 0x04c00000, 0x05060000)
  from space 512K, 100% used [0x050e0000, 0x05160000, 0x05160000)
  to   space 512K,   0% used [0x05060000, 0x05060000, 0x050e0000)
 tenured generation   total 10944K, used 4994K [0x0a150000, 0x0ac00000, 0x14c00000)
   the space 10944K,  45% used [0x0a150000, 0x0a630880, 0x0a630a00, 0x0ac00000)
 Metaspace       used 13779K, capacity 13973K, committed 14080K, reserved 14720K
}
Event: 4.022 GC heap before
{Heap before GC invocations=29 (full 1):
 def new generation   total 4992K, used 4992K [0x04c00000, 0x05160000, 0x0a150000)
  eden space 4480K, 100% used [0x04c00000, 0x05060000, 0x05060000)
  from space 512K, 100% used [0x050e0000, 0x05160000, 0x05160000)
  to   space 512K,   0% used [0x05060000, 0x05060000, 0x050e0000)
 tenured generation   total 10944K, used 4994K [0x0a150000, 0x0ac00000, 0x14c00000)
   the space 10944K,  45% used [0x0a150000, 0x0a630880, 0x0a630a00, 0x0ac00000)
 Metaspace       used 13780K, capacity 13973K, committed 14080K, reserved 14720K
Event: 4.026 GC heap after
Heap after GC invocations=30 (full 1):
 def new generation   total 4992K, used 1K [0x04c00000, 0x05160000, 0x0a150000)
  eden space 4480K,   0% used [0x04c00000, 0x04c00000, 0x05060000)
  from space 512K,   0% used [0x05060000, 0x05060548, 0x050e0000)
  to   space 512K,   0% used [0x050e0000, 0x050e0000, 0x05160000)
 tenured generation   total 10944K, used 9858K [0x0a150000, 0x0ac00000, 0x14c00000)
   the space 10944K,  90% used [0x0a150000, 0x0aaf09e8, 0x0aaf0a00, 0x0ac00000)
 Metaspace       used 13780K, capacity 13973K, committed 14080K, reserved 14720K
}
Event: 4.925 GC heap before
{Heap before GC invocations=30 (full 1):
 def new generation   total 4992K, used 4481K [0x04c00000, 0x05160000, 0x0a150000)
  eden space 4480K, 100% used [0x04c00000, 0x05060000, 0x05060000)
  from space 512K,   0% used [0x05060000, 0x05060548, 0x050e0000)
  to   space 512K,   0% used [0x050e0000, 0x050e0000, 0x05160000)
 tenured generation   total 10944K, used 9858K [0x0a150000, 0x0ac00000, 0x14c00000)
   the space 10944K,  90% used [0x0a150000, 0x0aaf09e8, 0x0aaf0a00, 0x0ac00000)
 Metaspace       used 15184K, capacity 15416K, committed 15488K, reserved 15744K
Event: 4.931 GC heap after
Heap after GC invocations=31 (full 1):
 def new generation   total 4992K, used 512K [0x04c00000, 0x05160000, 0x0a150000)
  eden space 4480K,   0% used [0x04c00000, 0x04c00000, 0x05060000)
  from space 512K, 100% used [0x050e0000, 0x05160000, 0x05160000)
  to   space 512K,   0% used [0x05060000, 0x05060000, 0x050e0000)
 tenured generation   total 10944K, used 10601K [0x0a150000, 0x0ac00000, 0x14c00000)
   the space 10944K,  96% used [0x0a150000, 0x0abaa440, 0x0abaa600, 0x0ac00000)
 Metaspace       used 15184K, capacity 15416K, committed 15488K, reserved 15744K
}
Event: 5.393 GC heap before
{Heap before GC invocations=31 (full 1):
 def new generation   total 4992K, used 4992K [0x04c00000, 0x05160000, 0x0a150000)
  eden space 4480K, 100% used [0x04c00000, 0x05060000, 0x05060000)
  from space 512K, 100% used [0x050e0000, 0x05160000, 0x05160000)
  to   space 512K,   0% used [0x05060000, 0x05060000, 0x050e0000)
 tenured generation   total 10944K, used 10601K [0x0a150000, 0x0ac00000, 0x14c00000)
   the space 10944K,  96% used [0x0a150000, 0x0abaa440, 0x0abaa600, 0x0ac00000)
 Metaspace       used 15669K, capacity 15896K, committed 16000K, reserved 16768K
Event: 5.415 GC heap after
Heap after GC invocations=32 (full 2):
 def new generation   total 7104K, used 0K [0x04c00000, 0x053b0000, 0x0a150000)
  eden space 6336K,   0% used [0x04c00000, 0x04c00000, 0x05230000)
  from space 768K,   0% used [0x05230000, 0x05230000, 0x052f0000)
  to   space 768K,   0% used [0x052f0000, 0x052f0000, 0x053b0000)
 tenured generation   total 15680K, used 9407K [0x0a150000, 0x0b0a0000, 0x14c00000)
   the space 15680K,  59% used [0x0a150000, 0x0aa7fc00, 0x0aa7fc00, 0x0b0a0000)
 Metaspace       used 15669K, capacity 15896K, committed 16000K, reserved 16768K
}
Event: 7.056 GC heap before
{Heap before GC invocations=32 (full 2):
 def new generation   total 7104K, used 6336K [0x04c00000, 0x053b0000, 0x0a150000)
  eden space 6336K, 100% used [0x04c00000, 0x05230000, 0x05230000)
  from space 768K,   0% used [0x05230000, 0x05230000, 0x052f0000)
  to   space 768K,   0% used [0x052f0000, 0x052f0000, 0x053b0000)
 tenured generation   total 15680K, used 9407K [0x0a150000, 0x0b0a0000, 0x14c00000)
   the space 15680K,  59% used [0x0a150000, 0x0aa7fc00, 0x0aa7fc00, 0x0b0a0000)
 Metaspace       used 16487K, capacity 16709K, committed 16896K, reserved 17792K
Event: 7.062 GC heap after
Heap after GC invocations=33 (full 2):
 def new generation   total 7104K, used 768K [0x04c00000, 0x053b0000, 0x0a150000)
  eden space 6336K,   0% used [0x04c00000, 0x04c00000, 0x05230000)
  from space 768K, 100% used [0x052f0000, 0x053b0000, 0x053b0000)
  to   space 768K,   0% used [0x05230000, 0x05230000, 0x052f0000)
 tenured generation   total 15680K, used 9858K [0x0a150000, 0x0b0a0000, 0x14c00000)
   the space 15680K,  62% used [0x0a150000, 0x0aaf0a58, 0x0aaf0c00, 0x0b0a0000)
 Metaspace       used 16487K, capacity 16709K, committed 16896K, reserved 17792K
}

Deoptimization events (0 events):
No events

Internal exceptions (10 events):
Event: 1.548 Thread 0x15583800 Exception <a 'java/lang/UnsatisfiedLinkError'> (0x04d845a0) thrown at [C:\workspace\8-2-build-windows-i586-cygwin\jdk8u141\9370\hotspot\src\share\vm\prims\jvm.cpp, line 3982]
Event: 1.548 Thread 0x15583800 Exception <a 'java/lang/UnsatisfiedLinkError'> (0x04d845a0) thrown at [C:\workspace\8-2-build-windows-i586-cygwin\jdk8u141\9370\hotspot\src\share\vm\prims\jni.cpp, line 709]
Event: 1.633 Thread 0x15583800 Exception <a 'java/lang/UnsatisfiedLinkError'> (0x04dca3e8) thrown at [C:\workspace\8-2-build-windows-i586-cygwin\jdk8u141\9370\hotspot\src\share\vm\prims\jvm.cpp, line 3982]
Event: 1.633 Thread 0x15583800 Exception <a 'java/lang/UnsatisfiedLinkError'> (0x04dca3e8) thrown at [C:\workspace\8-2-build-windows-i586-cygwin\jdk8u141\9370\hotspot\src\share\vm\prims\jni.cpp, line 709]
Event: 1.741 Thread 0x15583800 Exception <a 'java/lang/UnsatisfiedLinkError'> (0x04d63c50) thrown at [C:\workspace\8-2-build-windows-i586-cygwin\jdk8u141\9370\hotspot\src\share\vm\prims\jvm.cpp, line 3982]
Event: 1.741 Thread 0x15583800 Exception <a 'java/lang/UnsatisfiedLinkError'> (0x04d63c50) thrown at [C:\workspace\8-2-build-windows-i586-cygwin\jdk8u141\9370\hotspot\src\share\vm\prims\jni.cpp, line 709]
Event: 1.753 Thread 0x15583800 Exception <a 'java/lang/UnsatisfiedLinkError'> (0x04eb9bd8) thrown at [C:\workspace\8-2-build-windows-i586-cygwin\jdk8u141\9370\hotspot\src\share\vm\prims\jvm.cpp, line 3982]
Event: 1.753 Thread 0x15583800 Exception <a 'java/lang/UnsatisfiedLinkError'> (0x04eb9bd8) thrown at [C:\workspace\8-2-build-windows-i586-cygwin\jdk8u141\9370\hotspot\src\share\vm\prims\jni.cpp, line 709]
Event: 5.272 Thread 0x16d8f800 Exception <a 'java/lang/UnsatisfiedLinkError'> (0x04de8d58) thrown at [C:\workspace\8-2-build-windows-i586-cygwin\jdk8u141\9370\hotspot\src\share\vm\prims\jvm.cpp, line 3982]
Event: 5.272 Thread 0x16d8f800 Exception <a 'java/lang/UnsatisfiedLinkError'> (0x04de8d58) thrown at [C:\workspace\8-2-build-windows-i586-cygwin\jdk8u141\9370\hotspot\src\share\vm\prims\jni.cpp, line 709]

Events (10 events):
Event: 7.275 loading class java/security/InvalidParameterException done
Event: 7.276 loading class sun/security/util/ECKeySizeParameterSpec
Event: 7.276 loading class sun/security/util/ECKeySizeParameterSpec done
Event: 7.276 loading class java/security/spec/ECGenParameterSpec
Event: 7.276 loading class java/security/spec/ECGenParameterSpec done
Event: 7.276 loading class java/security/KeyPairGenerator$Delegate
Event: 7.276 loading class java/security/KeyPairGenerator$Delegate done
Event: 7.276 loading class sun/security/ssl/SSLAlgorithmDecomposer$1
Event: 7.276 loading class sun/security/ssl/SSLAlgorithmDecomposer$1 done
Event: 7.279 loading class sun/security/ssl/CipherSuiteList


Dynamic libraries:
0x01370000 - 0x013a3000 	C:\Program Files (x86)\Java\jdk1.8.0_141\jre\bin\java.exe
0x76f20000 - 0x770a0000 	C:\Windows\SysWOW64\ntdll.dll
0x75890000 - 0x759a0000 	C:\Windows\syswow64\kernel32.dll
0x754a0000 - 0x754e7000 	C:\Windows\syswow64\KERNELBASE.dll
0x74c80000 - 0x74d21000 	C:\Windows\syswow64\ADVAPI32.dll
0x75cf0000 - 0x75d9c000 	C:\Windows\syswow64\msvcrt.dll
0x74bb0000 - 0x74bc9000 	C:\Windows\SysWOW64\sechost.dll
0x74fb0000 - 0x750a0000 	C:\Windows\syswow64\RPCRT4.dll
0x74690000 - 0x746f0000 	C:\Windows\syswow64\SspiCli.dll
0x74680000 - 0x7468c000 	C:\Windows\syswow64\CRYPTBASE.dll
0x74eb0000 - 0x74fb0000 	C:\Windows\syswow64\USER32.dll
0x76a70000 - 0x76b00000 	C:\Windows\syswow64\GDI32.dll
0x75620000 - 0x7562a000 	C:\Windows\syswow64\LPK.dll
0x74d30000 - 0x74dcd000 	C:\Windows\syswow64\USP10.dll
0x73e20000 - 0x73fbe000 	C:\Windows\WinSxS\x86_microsoft.windows.common-controls_6595b64144ccf1df_6.0.7601.18837_none_41e855142bd5705d\COMCTL32.dll
0x759d0000 - 0x75a27000 	C:\Windows\syswow64\SHLWAPI.dll
0x75650000 - 0x756b0000 	C:\Windows\system32\IMM32.DLL
0x746f0000 - 0x747bd000 	C:\Windows\syswow64\MSCTF.dll
0x69b10000 - 0x69bcf000 	C:\Program Files (x86)\Java\jdk1.8.0_141\jre\bin\msvcr100.dll
0x641e0000 - 0x645ae000 	C:\Program Files (x86)\Java\jdk1.8.0_141\jre\bin\client\jvm.dll
0x69bd0000 - 0x69bd7000 	C:\Windows\system32\WSOCK32.dll
0x756b0000 - 0x756e5000 	C:\Windows\syswow64\WS2_32.dll
0x74c70000 - 0x74c76000 	C:\Windows\syswow64\NSI.dll
0x70b60000 - 0x70b92000 	C:\Windows\system32\WINMM.dll
0x74350000 - 0x74359000 	C:\Windows\system32\VERSION.dll
0x74ea0000 - 0x74ea5000 	C:\Windows\syswow64\PSAPI.DLL
0x69be0000 - 0x69bec000 	C:\Program Files (x86)\Java\jdk1.8.0_141\jre\bin\verify.dll
0x69ab0000 - 0x69ad1000 	C:\Program Files (x86)\Java\jdk1.8.0_141\jre\bin\java.dll
0x69a90000 - 0x69aa3000 	C:\Program Files (x86)\Java\jdk1.8.0_141\jre\bin\zip.dll
0x75da0000 - 0x769ec000 	C:\Windows\syswow64\SHELL32.dll
0x75a30000 - 0x75b8d000 	C:\Windows\syswow64\ole32.dll
0x75560000 - 0x7556b000 	C:\Windows\syswow64\profapi.dll
0x64830000 - 0x64975000 	C:\Program Files (x86)\Java\jdk1.8.0_141\jre\bin\awt.dll
0x75580000 - 0x75611000 	C:\Windows\syswow64\OLEAUT32.dll
0x718e0000 - 0x71960000 	C:\Windows\system32\uxtheme.dll
0x704f0000 - 0x70503000 	C:\Windows\system32\dwmapi.dll
0x69a20000 - 0x69a59000 	C:\Program Files (x86)\Java\jdk1.8.0_141\jre\bin\fontmanager.dll
0x62c30000 - 0x62cf8000 	C:\Windows\system32\opengl32.dll
0x62de0000 - 0x62e02000 	C:\Windows\system32\GLU32.dll
0x629f0000 - 0x62ad7000 	C:\Windows\system32\DDRAW.dll
0x725f0000 - 0x725f6000 	C:\Windows\system32\DCIMAN32.dll
0x756f0000 - 0x7588d000 	C:\Windows\syswow64\SETUPAPI.dll
0x74dd0000 - 0x74df7000 	C:\Windows\syswow64\CFGMGR32.dll
0x75630000 - 0x75642000 	C:\Windows\syswow64\DEVOBJ.dll
0x00320000 - 0x00323000 	C:\Users\p\.javacpp\cache\javacpp-windows-x86.jar\org\bytedeco\javacpp\windows-x86\api-ms-win-crt-locale-l1-1-0.dll
0x69a70000 - 0x69a86000 	C:\Program Files (x86)\Java\jdk1.8.0_141\jre\bin\net.dll
0x73450000 - 0x7348c000 	C:\Windows\system32\mswsock.dll
0x70cb0000 - 0x70cb6000 	C:\Windows\System32\wship6.dll
0x69a60000 - 0x69a6f000 	C:\Program Files (x86)\Java\jdk1.8.0_141\jre\bin\nio.dll
0x00340000 - 0x00344000 	C:\Users\p\.javacpp\cache\javacpp-windows-x86.jar\org\bytedeco\javacpp\windows-x86\api-ms-win-crt-string-l1-1-0.dll
0x00350000 - 0x00354000 	C:\Users\p\.javacpp\cache\javacpp-windows-x86.jar\org\bytedeco\javacpp\windows-x86\api-ms-win-crt-stdio-l1-1-0.dll
0x004f0000 - 0x004f5000 	C:\Users\p\.javacpp\cache\javacpp-windows-x86.jar\org\bytedeco\javacpp\windows-x86\api-ms-win-crt-math-l1-1-0.dll
0x00500000 - 0x00503000 	C:\Users\p\.javacpp\cache\javacpp-windows-x86.jar\org\bytedeco\javacpp\windows-x86\api-ms-win-crt-heap-l1-1-0.dll
0x00510000 - 0x00514000 	C:\Users\p\.javacpp\cache\javacpp-windows-x86.jar\org\bytedeco\javacpp\windows-x86\api-ms-win-crt-runtime-l1-1-0.dll
0x007b0000 - 0x007b4000 	C:\Users\p\.javacpp\cache\javacpp-windows-x86.jar\org\bytedeco\javacpp\windows-x86\api-ms-win-crt-convert-l1-1-0.dll
0x007c0000 - 0x007c3000 	C:\Users\p\.javacpp\cache\javacpp-windows-x86.jar\org\bytedeco\javacpp\windows-x86\api-ms-win-crt-environment-l1-1-0.dll
0x00da0000 - 0x00da3000 	C:\Users\p\.javacpp\cache\javacpp-windows-x86.jar\org\bytedeco\javacpp\windows-x86\api-ms-win-crt-time-l1-1-0.dll
0x00ed0000 - 0x00ed3000 	C:\Users\p\.javacpp\cache\javacpp-windows-x86.jar\org\bytedeco\javacpp\windows-x86\api-ms-win-crt-filesystem-l1-1-0.dll
0x00ef0000 - 0x00ef3000 	C:\Users\p\.javacpp\cache\javacpp-windows-x86.jar\org\bytedeco\javacpp\windows-x86\api-ms-win-crt-utility-l1-1-0.dll
0x00f00000 - 0x00f05000 	C:\Users\p\.javacpp\cache\javacpp-windows-x86.jar\org\bytedeco\javacpp\windows-x86\api-ms-win-crt-multibyte-l1-1-0.dll
0x00f10000 - 0x00f13000 	C:\Users\p\.javacpp\cache\javacpp-windows-x86.jar\org\bytedeco\javacpp\windows-x86\api-ms-win-crt-conio-l1-1-0.dll
0x00fe0000 - 0x00ff0000 	C:\Users\p\.javacpp\cache\javacpp-windows-x86.jar\org\bytedeco\javacpp\windows-x86\api-ms-win-crt-private-l1-1-0.dll
0x00ff0000 - 0x00ff3000 	C:\Users\p\.javacpp\cache\javacpp-windows-x86.jar\org\bytedeco\javacpp\windows-x86\api-ms-win-crt-process-l1-1-0.dll
0x01000000 - 0x01003000 	C:\Users\p\.javacpp\cache\javacpp-windows-x86.jar\org\bytedeco\javacpp\windows-x86\api-ms-win-core-console-l1-2-0.dll
0x01090000 - 0x01093000 	C:\Users\p\.javacpp\cache\javacpp-windows-x86.jar\org\bytedeco\javacpp\windows-x86\api-ms-win-core-string-l1-1-0.dll
0x010a0000 - 0x010a3000 	C:\Users\p\.javacpp\cache\javacpp-windows-x86.jar\org\bytedeco\javacpp\windows-x86\api-ms-win-core-errorhandling-l1-1-0.dll
0x010b0000 - 0x010b3000 	C:\Users\p\.javacpp\cache\javacpp-windows-x86.jar\org\bytedeco\javacpp\windows-x86\api-ms-win-core-timezone-l1-1-0.dll
0x01300000 - 0x01304000 	C:\Users\p\.javacpp\cache\javacpp-windows-x86.jar\org\bytedeco\javacpp\windows-x86\api-ms-win-core-file-l1-1-0.dll
0x01310000 - 0x01313000 	C:\Users\p\.javacpp\cache\javacpp-windows-x86.jar\org\bytedeco\javacpp\windows-x86\api-ms-win-core-namedpipe-l1-1-0.dll
0x01360000 - 0x01363000 	C:\Users\p\.javacpp\cache\javacpp-windows-x86.jar\org\bytedeco\javacpp\windows-x86\api-ms-win-core-handle-l1-1-0.dll
0x04a80000 - 0x04a83000 	C:\Users\p\.javacpp\cache\javacpp-windows-x86.jar\org\bytedeco\javacpp\windows-x86\api-ms-win-core-file-l2-1-0.dll
0x04a90000 - 0x04a93000 	C:\Users\p\.javacpp\cache\javacpp-windows-x86.jar\org\bytedeco\javacpp\windows-x86\api-ms-win-core-heap-l1-1-0.dll
0x04aa0000 - 0x04aa3000 	C:\Users\p\.javacpp\cache\javacpp-windows-x86.jar\org\bytedeco\javacpp\windows-x86\api-ms-win-core-libraryloader-l1-1-0.dll
0x04ab0000 - 0x04ab3000 	C:\Users\p\.javacpp\cache\javacpp-windows-x86.jar\org\bytedeco\javacpp\windows-x86\api-ms-win-core-synch-l1-1-0.dll
0x04bd0000 - 0x04bd3000 	C:\Users\p\.javacpp\cache\javacpp-windows-x86.jar\org\bytedeco\javacpp\windows-x86\api-ms-win-core-processthreads-l1-1-0.dll
0x04be0000 - 0x04be3000 	C:\Users\p\.javacpp\cache\javacpp-windows-x86.jar\org\bytedeco\javacpp\windows-x86\api-ms-win-core-processenvironment-l1-1-0.dll
0x04bf0000 - 0x04bf3000 	C:\Users\p\.javacpp\cache\javacpp-windows-x86.jar\org\bytedeco\javacpp\windows-x86\api-ms-win-core-datetime-l1-1-0.dll
0x15060000 - 0x15063000 	C:\Users\p\.javacpp\cache\javacpp-windows-x86.jar\org\bytedeco\javacpp\windows-x86\api-ms-win-core-localization-l1-2-0.dll
0x150c0000 - 0x150c3000 	C:\Users\p\.javacpp\cache\javacpp-windows-x86.jar\org\bytedeco\javacpp\windows-x86\api-ms-win-core-sysinfo-l1-1-0.dll
0x150d0000 - 0x150d3000 	C:\Users\p\.javacpp\cache\javacpp-windows-x86.jar\org\bytedeco\javacpp\windows-x86\api-ms-win-core-synch-l1-2-0.dll
0x150e0000 - 0x150e3000 	C:\Users\p\.javacpp\cache\javacpp-windows-x86.jar\org\bytedeco\javacpp\windows-x86\api-ms-win-core-console-l1-1-0.dll
0x15140000 - 0x15143000 	C:\Users\p\.javacpp\cache\javacpp-windows-x86.jar\org\bytedeco\javacpp\windows-x86\api-ms-win-core-debug-l1-1-0.dll
0x15150000 - 0x15153000 	C:\Users\p\.javacpp\cache\javacpp-windows-x86.jar\org\bytedeco\javacpp\windows-x86\api-ms-win-core-rtlsupport-l1-1-0.dll
0x151b0000 - 0x151b3000 	C:\Users\p\.javacpp\cache\javacpp-windows-x86.jar\org\bytedeco\javacpp\windows-x86\api-ms-win-core-processthreads-l1-1-1.dll
0x151c0000 - 0x151c3000 	C:\Users\p\.javacpp\cache\javacpp-windows-x86.jar\org\bytedeco\javacpp\windows-x86\api-ms-win-core-file-l1-2-0.dll
0x151d0000 - 0x151d3000 	C:\Users\p\.javacpp\cache\javacpp-windows-x86.jar\org\bytedeco\javacpp\windows-x86\api-ms-win-core-profile-l1-1-0.dll
0x15230000 - 0x15233000 	C:\Users\p\.javacpp\cache\javacpp-windows-x86.jar\org\bytedeco\javacpp\windows-x86\api-ms-win-core-memory-l1-1-0.dll
0x15240000 - 0x15243000 	C:\Users\p\.javacpp\cache\javacpp-windows-x86.jar\org\bytedeco\javacpp\windows-x86\api-ms-win-core-util-l1-1-0.dll
0x15350000 - 0x15353000 	C:\Users\p\.javacpp\cache\javacpp-windows-x86.jar\org\bytedeco\javacpp\windows-x86\api-ms-win-core-interlocked-l1-1-0.dll
0x16680000 - 0x167a0000 	C:\Users\p\.javacpp\cache\javacpp-windows-x86.jar\org\bytedeco\javacpp\windows-x86\ucrtbase.dll
0x15360000 - 0x15374000 	C:\Users\p\.javacpp\cache\javacpp-windows-x86.jar\org\bytedeco\javacpp\windows-x86\vcruntime140.dll
0x15900000 - 0x1596d000 	C:\Users\p\.javacpp\cache\javacpp-windows-x86.jar\org\bytedeco\javacpp\windows-x86\msvcp140.dll
0x15810000 - 0x15817000 	C:\Users\p\.javacpp\cache\javacpp-windows-x86.jar\org\bytedeco\javacpp\windows-x86\msvcp140_1.dll
0x15a20000 - 0x15a5d000 	C:\Users\p\.javacpp\cache\javacpp-windows-x86.jar\org\bytedeco\javacpp\windows-x86\concrt140.dll
0x15820000 - 0x15847000 	C:\Users\p\.javacpp\cache\javacpp-windows-x86.jar\org\bytedeco\javacpp\windows-x86\vcomp140.dll
0x158a0000 - 0x158ac000 	C:\Users\p\.javacpp\cache\javacpp-windows-x86.jar\org\bytedeco\javacpp\windows-x86\jnijavacpp.dll
0x6d880000 - 0x6eea3000 	C:\Users\p\.javacpp\cache\openblas-windows-x86.jar\org\bytedeco\openblas\windows-x86\libopenblas_nolapack.dll
0x16fa0000 - 0x16fe8000 	C:\Users\p\.javacpp\cache\openblas-windows-x86.jar\org\bytedeco\openblas\windows-x86\jniopenblas_nolapack.dll
0x1a660000 - 0x1bc83000 	C:\Users\p\.javacpp\cache\openblas-windows-x86.jar\org\bytedeco\openblas\windows-x86\libopenblas.dll
0x1ed30000 - 0x1fd09000 	C:\Users\p\.javacpp\cache\openblas-windows-x86.jar\org\bytedeco\openblas\windows-x86\jniopenblas.dll
0x1fd10000 - 0x200b0000 	C:\Users\p\.javacpp\cache\opencv-windows-x86.jar\org\bytedeco\opencv\windows-x86\opencv_core453.dll
0x200b0000 - 0x20643000 	C:\Users\p\.javacpp\cache\opencv-windows-x86.jar\org\bytedeco\opencv\windows-x86\opencv_imgproc453.dll
0x20650000 - 0x20927000 	C:\Users\p\.javacpp\cache\opencv-windows-x86.jar\org\bytedeco\opencv\windows-x86\jniopencv_core.dll
0x20a30000 - 0x20b60000 	C:\Users\p\.javacpp\cache\opencv-windows-x86.jar\org\bytedeco\opencv\windows-x86\jniopencv_imgproc.dll
0x20b60000 - 0x20f1d000 	C:\Users\p\.javacpp\cache\opencv-windows-x86.jar\org\bytedeco\opencv\windows-x86\opencv_imgcodecs453.dll
0x16510000 - 0x1653b000 	C:\Users\p\.javacpp\cache\opencv-windows-x86.jar\org\bytedeco\opencv\windows-x86\jniopencv_imgcodecs.dll
0x20f20000 - 0x20fc9000 	C:\Users\p\.javacpp\cache\opencv-windows-x86.jar\org\bytedeco\opencv\windows-x86\opencv_videoio453.dll
0x72450000 - 0x724aa000 	C:\Windows\system32\MFPlat.DLL
0x72640000 - 0x72647000 	C:\Windows\system32\AVRT.dll
0x68990000 - 0x68ca2000 	C:\Windows\system32\MF.dll
0x724b0000 - 0x724c4000 	C:\Windows\system32\ATL.DLL
0x72440000 - 0x72444000 	C:\Windows\system32\ksuser.dll
0x649c0000 - 0x649f3000 	C:\Windows\system32\MFReadWrite.dll
0x70b10000 - 0x70b5c000 	C:\Windows\system32\dxgi.dll
0x6f8c0000 - 0x6fa35000 	C:\Windows\system32\d3d11.dll
0x17060000 - 0x17087000 	C:\Users\p\.javacpp\cache\opencv-windows-x86.jar\org\bytedeco\opencv\windows-x86\jniopencv_videoio.dll
0x20fd0000 - 0x2103a000 	C:\Users\p\.javacpp\cache\opencv-windows-x86.jar\org\bytedeco\opencv\windows-x86\opencv_highgui453.dll
0x769f0000 - 0x76a6b000 	C:\Windows\syswow64\COMDLG32.dll
0x171f0000 - 0x17230000 	C:\Users\p\.javacpp\cache\opencv-windows-x86.jar\org\bytedeco\opencv\windows-x86\jniopencv_highgui.dll
0x21040000 - 0x210d4000 	C:\Users\p\.javacpp\cache\opencv-windows-x86.jar\org\bytedeco\opencv\windows-x86\opencv_flann453.dll
0x210e0000 - 0x21101000 	C:\Users\p\.javacpp\cache\opencv-windows-x86.jar\org\bytedeco\opencv\windows-x86\jniopencv_flann.dll
0x21110000 - 0x21212000 	C:\Users\p\.javacpp\cache\opencv-windows-x86.jar\org\bytedeco\opencv\windows-x86\opencv_features2d453.dll
0x21220000 - 0x21282000 	C:\Users\p\.javacpp\cache\opencv-windows-x86.jar\org\bytedeco\opencv\windows-x86\jniopencv_features2d.dll
0x21290000 - 0x21565000 	C:\Users\p\.javacpp\cache\opencv-windows-x86.jar\org\bytedeco\opencv\windows-x86\opencv_calib3d453.dll
0x21570000 - 0x2163c000 	C:\Users\p\.javacpp\cache\opencv-windows-x86.jar\org\bytedeco\opencv\windows-x86\jniopencv_calib3d.dll
0x21640000 - 0x21714000 	C:\Users\p\.javacpp\cache\opencv-windows-x86.jar\org\bytedeco\opencv\windows-x86\opencv_objdetect453.dll
0x21720000 - 0x2178c000 	C:\Users\p\.javacpp\cache\opencv-windows-x86.jar\org\bytedeco\opencv\windows-x86\jniopencv_objdetect.dll
0x72100000 - 0x72184000 	C:\Windows\WinSxS\x86_microsoft.windows.common-controls_6595b64144ccf1df_5.82.7601.18837_none_ec86b8d6858ec0bc\comctl32.dll

VM Arguments:
jvm_args: -Dfile.encoding=UTF-8 -Djava.library.path=lib\FACE\x64
 
java_command: com.QuanLyPhongKham.UI.QuanLyNhanVien
java_class_path (initial): C:\Users\p\Desktop\Netbeans connect database sql\RSCalendar.jar;C:\Users\p\Desktop\Netbeans connect database sql\RSFoto_v1.0.jar;C:\Users\p\Desktop\Netbeans connect database sql\jcalendar-1.4.jar;C:\Users\p\Desktop\Netbeans connect database sql\sqljdbc4.jar;C:\Users\p\Desktop\Netbeans connect database sql\jcommon-1.0.23.jar;C:\Users\p\Desktop\Netbeans connect database sql\jfreechart-1.5.0.jar;D:\Netbeans connect database sql\FACE\itext.jar;D:\Netbeans connect database sql\FACE\javacpp-platform.jar;D:\Netbeans connect database sql\FACE\javacpp.jar;D:\Netbeans connect database sql\FACE\javacv-platform.jar;D:\Netbeans connect database sql\FACE\javacv.jar;D:\Netbeans connect database sql\FACE\openblas-platform.jar;D:\Netbeans connect database sql\FACE\openblas.jar;D:\Netbeans connect database sql\FACE\opencv-platform.jar;D:\Netbeans connect database sql\FACE\opencv.jar;D:\Netbeans connect database sql\FACE\sqljdbc42.jar;D:\Netbeans connect database sql\FACE\javacpp-windows-x86.jar;D:\Netbeans connect database sql\FACE\javacv-windows-x86.jar;D:\Netbeans connect database sql\FACE\openblas-windows-x86.jar;D:\Netbeans connect database sql\FACE\opencv-windows-x86.jar;D:\Teamduan\Quanlyphongkham1\QuanLyPhongKham\build\classes
Launcher Type: SUN_STANDARD

Environment Variables:
PATH=C:\Program Files\Common Files\Oracle\Java\javapath;C:\Program Files (x86)\Common Files\Oracle\Java\javapath;C:\ProgramData\Oracle\Java\javapath;C:\Windows\system32;C:\Windows;C:\Windows\System32\Wbem;C:\Windows\System32\WindowsPowerShell\v1.0\;C:\Program Files\Microsoft SQL Server\Client SDK\ODBC\110\Tools\Binn\;C:\Program Files (x86)\Microsoft SQL Server\120\Tools\Binn\;C:\Program Files\Microsoft SQL Server\120\Tools\Binn\;C:\Program Files\Microsoft SQL Server\120\DTS\Binn\;C:\Program Files\Git\cmd;C:\Program Files (x86)\Microsoft SQL Server\110\Tools\Binn\;C:\Program Files\Microsoft SQL Server\110\Tools\Binn\;C:\Program Files\Microsoft SQL Server\110\DTS\Binn\;C:\Program Files (x86)\Microsoft SQL Server\110\Tools\Binn\ManagementStudio\;C:\Program Files (x86)\Microsoft SQL Server\110\DTS\Binn\;C:\Users\p\AppData\Local\GitHubDesktop\bin;D:\Netbeans connect database sql\Microsoft VS Code\bin
USERNAME=p
OS=Windows_NT
PROCESSOR_IDENTIFIER=Intel64 Family 6 Model 58 Stepping 9, GenuineIntel



---------------  S Y S T E M  ---------------

OS: Windows 7 , 64 bit Build 7601 (6.1.7601.24214)

CPU:total 4 (initial active 4) (2 cores per cpu, 2 threads per core) family 6 model 58 stepping 9, cmov, cx8, fxsr, mmx, sse, sse2, sse3, ssse3, sse4.1, sse4.2, popcnt, avx, aes, clmul, erms, ht, tsc, tscinvbit, tscinv

Memory: 4k page, physical 6170340k(1171572k free), swap 12338780k(4737764k free)

vm_info: Java HotSpot(TM) Client VM (25.141-b15) for windows-x86 JRE (1.8.0_141-b15), built on Jul 12 2017 04:25:45 by "java_re" with MS VC++ 10.0 (VS2010)

time: Thu Nov 25 14:10:00 2021
elapsed time: 7 seconds (0d 0h 0m 7s)

