#
# A fatal error has been detected by the Java Runtime Environment:
#
#  EXCEPTION_ACCESS_VIOLATION (0xc0000005) at pc=0x158d32ae, pid=11564, tid=0x00002e00
#
# JRE version: Java(TM) SE Runtime Environment (8.0_141-b15) (build 1.8.0_141-b15)
# Java VM: Java HotSpot(TM) Client VM (25.141-b15 mixed mode windows-x86 )
# Problematic frame:
# C  [vcruntime140.dll+0x32ae]
#
# Failed to write core dump. Minidumps are not enabled by default on client versions of Windows
#
# If you would like to submit a bug report, please visit:
#   http://bugreport.java.com/bugreport/crash.jsp
# The crash happened outside the Java Virtual Machine in native code.
# See problematic frame for where to report the bug.
#

---------------  T H R E A D  ---------------

Current thread (0x16f5c800):  JavaThread "Thread-6" daemon [_thread_in_native, id=11776, stack(0x236e0000,0x23730000)]

siginfo: ExceptionCode=0xc0000005, reading address 0x23cc7000

Registers:
EAX=0x23d11020, EBX=0x00000000, ECX=0x0004a020, EDX=0x000e1000
ESP=0x2372f360, EBP=0x2372f3ac, ESI=0x23cc7000, EDI=0x247c7020
EIP=0x158d32ae, EFLAGS=0x00010203

Top of Stack: (sp=0x2372f360)
0x2372f360:   23c30020 24730040 1ff27824 24730040
0x2372f370:   23c30020 000e1000 efd21e02 689c0a78
0x2372f380:   2372f6a0 0040dba0 2372f3bc 027b0697
0x2372f390:   000e1000 00000000 00000000 00000000
0x2372f3a0:   2372f5b0 20125aee 00000006 00001f80
0x2372f3b0:   2372f5e0 16f5c800 027b0632 2372f6d0
0x2372f3c0:   16ee6620 2372f500 2372f444 6433a6e5
0x2372f3d0:   16ee6620 00000000 2372f5d8 16f5c800 

Instructions: (pc=0x158d32ae)
0x158d328e:   00 73 13 0f ba 25 24 00 8e 15 01 0f 82 8e 04 00
0x158d329e:   00 e9 e3 01 00 00 0f ba 25 e0 02 8e 15 01 73 09
0x158d32ae:   f3 a4 8b 44 24 0c 5e 5f c3 8b c7 33 c6 a9 0f 00
0x158d32be:   00 00 75 0e 0f ba 25 24 00 8e 15 01 0f 82 e0 03 


Register to memory mapping:

EAX=0x23d11020 is an unknown value
EBX=0x00000000 is an unknown value
ECX=0x0004a020 is an unknown value
EDX=0x000e1000 is an unknown value
ESP=0x2372f360 is pointing into the stack for thread: 0x16f5c800
EBP=0x2372f3ac is pointing into the stack for thread: 0x16f5c800
ESI=0x23cc7000 is an unknown value
EDI=0x247c7020 is an unknown value


Stack: [0x236e0000,0x23730000],  sp=0x2372f360,  free space=316k
Native frames: (J=compiled Java code, j=interpreted, Vv=VM code, C=native code)
C  [vcruntime140.dll+0x32ae]
C  0x2372f5e0

Java frames: (J=compiled Java code, j=interpreted, Vv=VM code)
j  org.bytedeco.opencv.opencv_videoio.VideoCapture.retrieve(Lorg/bytedeco/opencv/opencv_core/Mat;)Z+0
j  com.QuanLyPhongKham.UI.QuanLyNhanVien$DaemonThread.run()V+38
j  java.lang.Thread.run()V+11
v  ~StubRoutines::call_stub

---------------  P R O C E S S  ---------------

Java Threads: ( => current thread )
=>0x16f5c800 JavaThread "Thread-6" daemon [_thread_in_native, id=11776, stack(0x236e0000,0x23730000)]
  0x16df6800 JavaThread "TimerQueue" daemon [_thread_blocked, id=5352, stack(0x23410000,0x23460000)]
  0x16d38800 JavaThread "Swing-Shell" daemon [_thread_blocked, id=2860, stack(0x21bd0000,0x21c20000)]
  0x16ce9800 JavaThread "Image Fetcher 0" daemon [_thread_blocked, id=12052, stack(0x21990000,0x219e0000)]
  0x1551ac00 JavaThread "JavaCPP Deallocator" daemon [_thread_blocked, id=6048, stack(0x16520000,0x16570000)]
  0x002cc800 JavaThread "DestroyJavaVM" [_thread_blocked, id=10536, stack(0x00440000,0x00490000)]
  0x154f9c00 JavaThread "AWT-EventQueue-0" [_thread_blocked, id=11504, stack(0x158f0000,0x15940000)]
  0x1542d800 JavaThread "AWT-Windows" daemon [_thread_in_native, id=11548, stack(0x00550000,0x005a0000)]
  0x1542d000 JavaThread "AWT-Shutdown" [_thread_blocked, id=11312, stack(0x004a0000,0x004f0000)]
  0x15427000 JavaThread "Java2D Disposer" daemon [_thread_blocked, id=12244, stack(0x15970000,0x159c0000)]
  0x14ce7c00 JavaThread "Service Thread" daemon [_thread_blocked, id=10836, stack(0x152d0000,0x15320000)]
  0x14cbf800 JavaThread "C1 CompilerThread0" daemon [_thread_blocked, id=5220, stack(0x15180000,0x151d0000)]
  0x14cbe400 JavaThread "Attach Listener" daemon [_thread_blocked, id=4616, stack(0x14e70000,0x14ec0000)]
  0x14cbb400 JavaThread "Signal Dispatcher" daemon [_thread_blocked, id=9200, stack(0x15080000,0x150d0000)]
  0x14ca6c00 JavaThread "Finalizer" daemon [_thread_blocked, id=4848, stack(0x14f50000,0x14fa0000)]
  0x14c80400 JavaThread "Reference Handler" daemon [_thread_blocked, id=12124, stack(0x047b0000,0x04800000)]

Other Threads:
  0x14c7ac00 VMThread [stack: 0x01290000,0x012e0000] [id=10600]
  0x14ce8c00 WatcherThread [stack: 0x15330000,0x15380000] [id=11844]

VM state:not at safepoint (normal execution)

VM Mutex/Monitor currently owned by a thread: None

Heap:
 def new generation   total 11776K, used 705K [0x04800000, 0x054c0000, 0x09d50000)
  eden space 10496K,   6% used [0x04800000, 0x048b0678, 0x05240000)
  from space 1280K,   0% used [0x05240000, 0x05240000, 0x05380000)
  to   space 1280K,   0% used [0x05380000, 0x05380000, 0x054c0000)
 tenured generation   total 25972K, used 15581K [0x09d50000, 0x0b6ad000, 0x14800000)
   the space 25972K,  59% used [0x09d50000, 0x0ac87450, 0x0ac87600, 0x0b6ad000)
 Metaspace       used 17782K, capacity 18014K, committed 18176K, reserved 18816K

Card table byte_map: [0x010f0000,0x01180000] byte_map_base: 0x010cc000

Polling page: 0x00210000

CodeCache: size=32768Kb used=2874Kb max_used=2874Kb free=29893Kb
 bounds [0x027b0000, 0x02a80000, 0x047b0000]
 total_blobs=1667 nmethods=1209 adapters=388
 compilation: enabled

Compilation events (10 events):
Event: 3.754 Thread 0x14cbf800 1250             java.security.AccessControlContext::optimize (318 bytes)
Event: 3.755 Thread 0x14cbf800 nmethod 1250 0x02a7d2c8 code [0x02a7d4d0, 0x02a7ddd8]
Event: 3.898 Thread 0x14cbf800 1251             java.util.concurrent.locks.ReentrantLock$Sync::isHeldExclusively (16 bytes)
Event: 3.898 Thread 0x14cbf800 nmethod 1251 0x02a7e6c8 code [0x02a7e7c0, 0x02a7e860]
Event: 4.010 Thread 0x14cbf800 1252             javax.swing.TimerQueue$DelayedTimer::compareTo (9 bytes)
Event: 4.010 Thread 0x14cbf800 nmethod 1252 0x02a7e8c8 code [0x02a7e9d0, 0x02a7eaac]
Event: 4.010 Thread 0x14cbf800 1253             javax.swing.TimerQueue$DelayedTimer::compareTo (101 bytes)
Event: 4.011 Thread 0x14cbf800 nmethod 1253 0x02a7eb48 code [0x02a7ec60, 0x02a7ef90]
Event: 4.026 Thread 0x14cbf800 1254             java.util.PriorityQueue::peek (18 bytes)
Event: 4.026 Thread 0x14cbf800 nmethod 1254 0x02a7f088 code [0x02a7f180, 0x02a7f240]

GC Heap History (10 events):
Event: 2.606 GC heap before
{Heap before GC invocations=31 (full 1):
 def new generation   total 4992K, used 4992K [0x04800000, 0x04d60000, 0x09d50000)
  eden space 4480K, 100% used [0x04800000, 0x04c60000, 0x04c60000)
  from space 512K, 100% used [0x04ce0000, 0x04d60000, 0x04d60000)
  to   space 512K,   0% used [0x04c60000, 0x04c60000, 0x04ce0000)
 tenured generation   total 10944K, used 10644K [0x09d50000, 0x0a800000, 0x14800000)
   the space 10944K,  97% used [0x09d50000, 0x0a7b50a0, 0x0a7b5200, 0x0a800000)
 Metaspace       used 15857K, capacity 16088K, committed 16256K, reserved 16768K
Event: 2.628 GC heap after
Heap after GC invocations=32 (full 2):
 def new generation   total 7104K, used 0K [0x04800000, 0x04fb0000, 0x09d50000)
  eden space 6336K,   0% used [0x04800000, 0x04800000, 0x04e30000)
  from space 768K,   0% used [0x04e30000, 0x04e30000, 0x04ef0000)
  to   space 768K,   0% used [0x04ef0000, 0x04ef0000, 0x04fb0000)
 tenured generation   total 15604K, used 9361K [0x09d50000, 0x0ac8d000, 0x14800000)
   the space 15604K,  59% used [0x09d50000, 0x0a674668, 0x0a674800, 0x0ac8d000)
 Metaspace       used 15857K, capacity 16088K, committed 16256K, reserved 16768K
}
Event: 2.807 GC heap before
{Heap before GC invocations=32 (full 2):
 def new generation   total 7104K, used 6336K [0x04800000, 0x04fb0000, 0x09d50000)
  eden space 6336K, 100% used [0x04800000, 0x04e30000, 0x04e30000)
  from space 768K,   0% used [0x04e30000, 0x04e30000, 0x04ef0000)
  to   space 768K,   0% used [0x04ef0000, 0x04ef0000, 0x04fb0000)
 tenured generation   total 15604K, used 9361K [0x09d50000, 0x0ac8d000, 0x14800000)
   the space 15604K,  59% used [0x09d50000, 0x0a674668, 0x0a674800, 0x0ac8d000)
 Metaspace       used 16501K, capacity 16741K, committed 16896K, reserved 17792K
Event: 2.812 GC heap after
Heap after GC invocations=33 (full 2):
 def new generation   total 7104K, used 768K [0x04800000, 0x04fb0000, 0x09d50000)
  eden space 6336K,   0% used [0x04800000, 0x04800000, 0x04e30000)
  from space 768K, 100% used [0x04ef0000, 0x04fb0000, 0x04fb0000)
  to   space 768K,   0% used [0x04e30000, 0x04e30000, 0x04ef0000)
 tenured generation   total 15604K, used 9679K [0x09d50000, 0x0ac8d000, 0x14800000)
   the space 15604K,  62% used [0x09d50000, 0x0a6c3d70, 0x0a6c3e00, 0x0ac8d000)
 Metaspace       used 16501K, capacity 16741K, committed 16896K, reserved 17792K
}
Event: 2.877 GC heap before
{Heap before GC invocations=33 (full 2):
 def new generation   total 7104K, used 7104K [0x04800000, 0x04fb0000, 0x09d50000)
  eden space 6336K, 100% used [0x04800000, 0x04e30000, 0x04e30000)
  from space 768K, 100% used [0x04ef0000, 0x04fb0000, 0x04fb0000)
  to   space 768K,   0% used [0x04e30000, 0x04e30000, 0x04ef0000)
 tenured generation   total 15604K, used 9679K [0x09d50000, 0x0ac8d000, 0x14800000)
   the space 15604K,  62% used [0x09d50000, 0x0a6c3d70, 0x0a6c3e00, 0x0ac8d000)
 Metaspace       used 16830K, capacity 17086K, committed 17280K, reserved 17792K
Event: 2.884 GC heap after
Heap after GC invocations=34 (full 2):
 def new generation   total 7104K, used 768K [0x04800000, 0x04fb0000, 0x09d50000)
  eden space 6336K,   0% used [0x04800000, 0x04800000, 0x04e30000)
  from space 768K, 100% used [0x04e30000, 0x04ef0000, 0x04ef0000)
  to   space 768K,   0% used [0x04ef0000, 0x04ef0000, 0x04fb0000)
 tenured generation   total 15604K, used 10851K [0x09d50000, 0x0ac8d000, 0x14800000)
   the space 15604K,  69% used [0x09d50000, 0x0a7e8c98, 0x0a7e8e00, 0x0ac8d000)
 Metaspace       used 16830K, capacity 17086K, committed 17280K, reserved 17792K
}
Event: 3.222 GC heap before
{Heap before GC invocations=34 (full 2):
 def new generation   total 7104K, used 7104K [0x04800000, 0x04fb0000, 0x09d50000)
  eden space 6336K, 100% used [0x04800000, 0x04e30000, 0x04e30000)
  from space 768K, 100% used [0x04e30000, 0x04ef0000, 0x04ef0000)
  to   space 768K,   0% used [0x04ef0000, 0x04ef0000, 0x04fb0000)
 tenured generation   total 15604K, used 10851K [0x09d50000, 0x0ac8d000, 0x14800000)
   the space 15604K,  69% used [0x09d50000, 0x0a7e8c98, 0x0a7e8e00, 0x0ac8d000)
 Metaspace       used 17430K, capacity 17694K, committed 17792K, reserved 17792K
Event: 3.226 GC heap after
Heap after GC invocations=35 (full 2):
 def new generation   total 7104K, used 768K [0x04800000, 0x04fb0000, 0x09d50000)
  eden space 6336K,   0% used [0x04800000, 0x04800000, 0x04e30000)
  from space 768K, 100% used [0x04ef0000, 0x04fb0000, 0x04fb0000)
  to   space 768K,   0% used [0x04e30000, 0x04e30000, 0x04ef0000)
 tenured generation   total 15604K, used 12260K [0x09d50000, 0x0ac8d000, 0x14800000)
   the space 15604K,  78% used [0x09d50000, 0x0a949130, 0x0a949200, 0x0ac8d000)
 Metaspace       used 17430K, capacity 17694K, committed 17792K, reserved 17792K
}
Event: 3.357 GC heap before
{Heap before GC invocations=35 (full 2):
 def new generation   total 7104K, used 7104K [0x04800000, 0x04fb0000, 0x09d50000)
  eden space 6336K, 100% used [0x04800000, 0x04e30000, 0x04e30000)
  from space 768K, 100% used [0x04ef0000, 0x04fb0000, 0x04fb0000)
  to   space 768K,   0% used [0x04e30000, 0x04e30000, 0x04ef0000)
 tenured generation   total 15604K, used 12260K [0x09d50000, 0x0ac8d000, 0x14800000)
   the space 15604K,  78% used [0x09d50000, 0x0a949130, 0x0a949200, 0x0ac8d000)
 Metaspace       used 17762K, capacity 18014K, committed 18176K, reserved 18816K
Event: 3.387 GC heap after
Heap after GC invocations=36 (full 3):
 def new generation   total 11776K, used 0K [0x04800000, 0x054c0000, 0x09d50000)
  eden space 10496K,   0% used [0x04800000, 0x04800000, 0x05240000)
  from space 1280K,   0% used [0x05240000, 0x05240000, 0x05380000)
  to   space 1280K,   0% used [0x05380000, 0x05380000, 0x054c0000)
 tenured generation   total 25972K, used 15581K [0x09d50000, 0x0b6ad000, 0x14800000)
   the space 25972K,  59% used [0x09d50000, 0x0ac87450, 0x0ac87600, 0x0b6ad000)
 Metaspace       used 17762K, capacity 18014K, committed 18176K, reserved 18816K
}

Deoptimization events (0 events):
No events

Internal exceptions (10 events):
Event: 1.534 Thread 0x154f9c00 Exception <a 'java/lang/UnsatisfiedLinkError'> (0x04984568) thrown at [C:\workspace\8-2-build-windows-i586-cygwin\jdk8u141\9370\hotspot\src\share\vm\prims\jvm.cpp, line 3982]
Event: 1.534 Thread 0x154f9c00 Exception <a 'java/lang/UnsatisfiedLinkError'> (0x04984568) thrown at [C:\workspace\8-2-build-windows-i586-cygwin\jdk8u141\9370\hotspot\src\share\vm\prims\jni.cpp, line 709]
Event: 1.623 Thread 0x154f9c00 Exception <a 'java/lang/UnsatisfiedLinkError'> (0x049ca488) thrown at [C:\workspace\8-2-build-windows-i586-cygwin\jdk8u141\9370\hotspot\src\share\vm\prims\jvm.cpp, line 3982]
Event: 1.623 Thread 0x154f9c00 Exception <a 'java/lang/UnsatisfiedLinkError'> (0x049ca488) thrown at [C:\workspace\8-2-build-windows-i586-cygwin\jdk8u141\9370\hotspot\src\share\vm\prims\jni.cpp, line 709]
Event: 1.737 Thread 0x154f9c00 Exception <a 'java/lang/UnsatisfiedLinkError'> (0x04963bd0) thrown at [C:\workspace\8-2-build-windows-i586-cygwin\jdk8u141\9370\hotspot\src\share\vm\prims\jvm.cpp, line 3982]
Event: 1.737 Thread 0x154f9c00 Exception <a 'java/lang/UnsatisfiedLinkError'> (0x04963bd0) thrown at [C:\workspace\8-2-build-windows-i586-cygwin\jdk8u141\9370\hotspot\src\share\vm\prims\jni.cpp, line 709]
Event: 1.750 Thread 0x154f9c00 Exception <a 'java/lang/UnsatisfiedLinkError'> (0x04ab9bf8) thrown at [C:\workspace\8-2-build-windows-i586-cygwin\jdk8u141\9370\hotspot\src\share\vm\prims\jvm.cpp, line 3982]
Event: 1.750 Thread 0x154f9c00 Exception <a 'java/lang/UnsatisfiedLinkError'> (0x04ab9bf8) thrown at [C:\workspace\8-2-build-windows-i586-cygwin\jdk8u141\9370\hotspot\src\share\vm\prims\jni.cpp, line 709]
Event: 2.558 Thread 0x16f41000 Exception <a 'java/lang/UnsatisfiedLinkError'> (0x04a4f808) thrown at [C:\workspace\8-2-build-windows-i586-cygwin\jdk8u141\9370\hotspot\src\share\vm\prims\jvm.cpp, line 3982]
Event: 2.558 Thread 0x16f41000 Exception <a 'java/lang/UnsatisfiedLinkError'> (0x04a4f808) thrown at [C:\workspace\8-2-build-windows-i586-cygwin\jdk8u141\9370\hotspot\src\share\vm\prims\jni.cpp, line 709]

Events (10 events):
Event: 3.392 loading class java/awt/KeyboardFocusManager$3 done
Event: 3.392 loading class sun/awt/im/CompositionAreaHandler
Event: 3.392 loading class sun/awt/im/CompositionAreaHandler done
Event: 3.392 loading class java/text/AttributedString
Event: 3.393 loading class java/text/AttributedString done
Event: 3.393 loading class java/text/AttributedString$AttributedStringIterator
Event: 3.393 loading class java/text/AttributedCharacterIterator
Event: 3.393 loading class java/text/AttributedCharacterIterator done
Event: 3.393 loading class java/text/AttributedString$AttributedStringIterator done
Event: 3.398 loading class sun/security/ssl/SecureKey done


Dynamic libraries:
0x01370000 - 0x013a3000 	C:\Program Files (x86)\Java\jdk1.8.0_141\jre\bin\java.exe
0x76f20000 - 0x770a0000 	C:\Windows\SysWOW64\ntdll.dll
0x75890000 - 0x759a0000 	C:\Windows\syswow64\kernel32.dll
0x754a0000 - 0x754e7000 	C:\Windows\syswow64\KERNELBASE.dll
0x74c80000 - 0x74d21000 	C:\Windows\syswow64\ADVAPI32.dll
0x75cf0000 - 0x75d9c000 	C:\Windows\syswow64\msvcrt.dll
0x74bb0000 - 0x74bc9000 	C:\Windows\SysWOW64\sechost.dll
0x74fb0000 - 0x750a0000 	C:\Windows\syswow64\RPCRT4.dll
0x74690000 - 0x746f0000 	C:\Windows\syswow64\SspiCli.dll
0x74680000 - 0x7468c000 	C:\Windows\syswow64\CRYPTBASE.dll
0x74eb0000 - 0x74fb0000 	C:\Windows\syswow64\USER32.dll
0x76a70000 - 0x76b00000 	C:\Windows\syswow64\GDI32.dll
0x75620000 - 0x7562a000 	C:\Windows\syswow64\LPK.dll
0x74d30000 - 0x74dcd000 	C:\Windows\syswow64\USP10.dll
0x73e20000 - 0x73fbe000 	C:\Windows\WinSxS\x86_microsoft.windows.common-controls_6595b64144ccf1df_6.0.7601.18837_none_41e855142bd5705d\COMCTL32.dll
0x759d0000 - 0x75a27000 	C:\Windows\syswow64\SHLWAPI.dll
0x75650000 - 0x756b0000 	C:\Windows\system32\IMM32.DLL
0x746f0000 - 0x747bd000 	C:\Windows\syswow64\MSCTF.dll
0x69b10000 - 0x69bcf000 	C:\Program Files (x86)\Java\jdk1.8.0_141\jre\bin\msvcr100.dll
0x641e0000 - 0x645ae000 	C:\Program Files (x86)\Java\jdk1.8.0_141\jre\bin\client\jvm.dll
0x69bd0000 - 0x69bd7000 	C:\Windows\system32\WSOCK32.dll
0x756b0000 - 0x756e5000 	C:\Windows\syswow64\WS2_32.dll
0x74c70000 - 0x74c76000 	C:\Windows\syswow64\NSI.dll
0x70b60000 - 0x70b92000 	C:\Windows\system32\WINMM.dll
0x74350000 - 0x74359000 	C:\Windows\system32\VERSION.dll
0x74ea0000 - 0x74ea5000 	C:\Windows\syswow64\PSAPI.DLL
0x69be0000 - 0x69bec000 	C:\Program Files (x86)\Java\jdk1.8.0_141\jre\bin\verify.dll
0x69ab0000 - 0x69ad1000 	C:\Program Files (x86)\Java\jdk1.8.0_141\jre\bin\java.dll
0x69a90000 - 0x69aa3000 	C:\Program Files (x86)\Java\jdk1.8.0_141\jre\bin\zip.dll
0x75da0000 - 0x769ec000 	C:\Windows\syswow64\SHELL32.dll
0x75a30000 - 0x75b8d000 	C:\Windows\syswow64\ole32.dll
0x75560000 - 0x7556b000 	C:\Windows\syswow64\profapi.dll
0x64830000 - 0x64975000 	C:\Program Files (x86)\Java\jdk1.8.0_141\jre\bin\awt.dll
0x75580000 - 0x75611000 	C:\Windows\syswow64\OLEAUT32.dll
0x718e0000 - 0x71960000 	C:\Windows\system32\uxtheme.dll
0x704f0000 - 0x70503000 	C:\Windows\system32\dwmapi.dll
0x69a20000 - 0x69a59000 	C:\Program Files (x86)\Java\jdk1.8.0_141\jre\bin\fontmanager.dll
0x62c30000 - 0x62cf8000 	C:\Windows\system32\opengl32.dll
0x62de0000 - 0x62e02000 	C:\Windows\system32\GLU32.dll
0x629f0000 - 0x62ad7000 	C:\Windows\system32\DDRAW.dll
0x725f0000 - 0x725f6000 	C:\Windows\system32\DCIMAN32.dll
0x756f0000 - 0x7588d000 	C:\Windows\syswow64\SETUPAPI.dll
0x74dd0000 - 0x74df7000 	C:\Windows\syswow64\CFGMGR32.dll
0x75630000 - 0x75642000 	C:\Windows\syswow64\DEVOBJ.dll
0x002a0000 - 0x002a3000 	C:\Users\p\.javacpp\cache\javacpp-windows-x86.jar\org\bytedeco\javacpp\windows-x86\api-ms-win-crt-locale-l1-1-0.dll
0x69a70000 - 0x69a86000 	C:\Program Files (x86)\Java\jdk1.8.0_141\jre\bin\net.dll
0x73450000 - 0x7348c000 	C:\Windows\system32\mswsock.dll
0x70cb0000 - 0x70cb6000 	C:\Windows\System32\wship6.dll
0x69a60000 - 0x69a6f000 	C:\Program Files (x86)\Java\jdk1.8.0_141\jre\bin\nio.dll
0x002b0000 - 0x002b4000 	C:\Users\p\.javacpp\cache\javacpp-windows-x86.jar\org\bytedeco\javacpp\windows-x86\api-ms-win-crt-string-l1-1-0.dll
0x00430000 - 0x00434000 	C:\Users\p\.javacpp\cache\javacpp-windows-x86.jar\org\bytedeco\javacpp\windows-x86\api-ms-win-crt-stdio-l1-1-0.dll
0x00490000 - 0x00495000 	C:\Users\p\.javacpp\cache\javacpp-windows-x86.jar\org\bytedeco\javacpp\windows-x86\api-ms-win-crt-math-l1-1-0.dll
0x00540000 - 0x00543000 	C:\Users\p\.javacpp\cache\javacpp-windows-x86.jar\org\bytedeco\javacpp\windows-x86\api-ms-win-crt-heap-l1-1-0.dll
0x00cd0000 - 0x00cd4000 	C:\Users\p\.javacpp\cache\javacpp-windows-x86.jar\org\bytedeco\javacpp\windows-x86\api-ms-win-crt-runtime-l1-1-0.dll
0x01180000 - 0x01184000 	C:\Users\p\.javacpp\cache\javacpp-windows-x86.jar\org\bytedeco\javacpp\windows-x86\api-ms-win-crt-convert-l1-1-0.dll
0x01190000 - 0x01193000 	C:\Users\p\.javacpp\cache\javacpp-windows-x86.jar\org\bytedeco\javacpp\windows-x86\api-ms-win-crt-environment-l1-1-0.dll
0x011a0000 - 0x011a3000 	C:\Users\p\.javacpp\cache\javacpp-windows-x86.jar\org\bytedeco\javacpp\windows-x86\api-ms-win-crt-time-l1-1-0.dll
0x011f0000 - 0x011f3000 	C:\Users\p\.javacpp\cache\javacpp-windows-x86.jar\org\bytedeco\javacpp\windows-x86\api-ms-win-crt-filesystem-l1-1-0.dll
0x01200000 - 0x01203000 	C:\Users\p\.javacpp\cache\javacpp-windows-x86.jar\org\bytedeco\javacpp\windows-x86\api-ms-win-crt-utility-l1-1-0.dll
0x01250000 - 0x01255000 	C:\Users\p\.javacpp\cache\javacpp-windows-x86.jar\org\bytedeco\javacpp\windows-x86\api-ms-win-crt-multibyte-l1-1-0.dll
0x01260000 - 0x01263000 	C:\Users\p\.javacpp\cache\javacpp-windows-x86.jar\org\bytedeco\javacpp\windows-x86\api-ms-win-crt-conio-l1-1-0.dll
0x01270000 - 0x01280000 	C:\Users\p\.javacpp\cache\javacpp-windows-x86.jar\org\bytedeco\javacpp\windows-x86\api-ms-win-crt-private-l1-1-0.dll
0x01280000 - 0x01283000 	C:\Users\p\.javacpp\cache\javacpp-windows-x86.jar\org\bytedeco\javacpp\windows-x86\api-ms-win-crt-process-l1-1-0.dll
0x012e0000 - 0x012e3000 	C:\Users\p\.javacpp\cache\javacpp-windows-x86.jar\org\bytedeco\javacpp\windows-x86\api-ms-win-core-console-l1-2-0.dll
0x012f0000 - 0x012f3000 	C:\Users\p\.javacpp\cache\javacpp-windows-x86.jar\org\bytedeco\javacpp\windows-x86\api-ms-win-core-string-l1-1-0.dll
0x01300000 - 0x01303000 	C:\Users\p\.javacpp\cache\javacpp-windows-x86.jar\org\bytedeco\javacpp\windows-x86\api-ms-win-core-errorhandling-l1-1-0.dll
0x01310000 - 0x01313000 	C:\Users\p\.javacpp\cache\javacpp-windows-x86.jar\org\bytedeco\javacpp\windows-x86\api-ms-win-core-timezone-l1-1-0.dll
0x01320000 - 0x01324000 	C:\Users\p\.javacpp\cache\javacpp-windows-x86.jar\org\bytedeco\javacpp\windows-x86\api-ms-win-core-file-l1-1-0.dll
0x14e60000 - 0x14e63000 	C:\Users\p\.javacpp\cache\javacpp-windows-x86.jar\org\bytedeco\javacpp\windows-x86\api-ms-win-core-namedpipe-l1-1-0.dll
0x14f00000 - 0x14f03000 	C:\Users\p\.javacpp\cache\javacpp-windows-x86.jar\org\bytedeco\javacpp\windows-x86\api-ms-win-core-handle-l1-1-0.dll
0x15060000 - 0x15063000 	C:\Users\p\.javacpp\cache\javacpp-windows-x86.jar\org\bytedeco\javacpp\windows-x86\api-ms-win-core-file-l2-1-0.dll
0x15070000 - 0x15073000 	C:\Users\p\.javacpp\cache\javacpp-windows-x86.jar\org\bytedeco\javacpp\windows-x86\api-ms-win-core-heap-l1-1-0.dll
0x150d0000 - 0x150d3000 	C:\Users\p\.javacpp\cache\javacpp-windows-x86.jar\org\bytedeco\javacpp\windows-x86\api-ms-win-core-libraryloader-l1-1-0.dll
0x15120000 - 0x15123000 	C:\Users\p\.javacpp\cache\javacpp-windows-x86.jar\org\bytedeco\javacpp\windows-x86\api-ms-win-core-synch-l1-1-0.dll
0x15130000 - 0x15133000 	C:\Users\p\.javacpp\cache\javacpp-windows-x86.jar\org\bytedeco\javacpp\windows-x86\api-ms-win-core-processthreads-l1-1-0.dll
0x15140000 - 0x15143000 	C:\Users\p\.javacpp\cache\javacpp-windows-x86.jar\org\bytedeco\javacpp\windows-x86\api-ms-win-core-processenvironment-l1-1-0.dll
0x15150000 - 0x15153000 	C:\Users\p\.javacpp\cache\javacpp-windows-x86.jar\org\bytedeco\javacpp\windows-x86\api-ms-win-core-datetime-l1-1-0.dll
0x15160000 - 0x15163000 	C:\Users\p\.javacpp\cache\javacpp-windows-x86.jar\org\bytedeco\javacpp\windows-x86\api-ms-win-core-localization-l1-2-0.dll
0x15170000 - 0x15173000 	C:\Users\p\.javacpp\cache\javacpp-windows-x86.jar\org\bytedeco\javacpp\windows-x86\api-ms-win-core-sysinfo-l1-1-0.dll
0x151d0000 - 0x151d3000 	C:\Users\p\.javacpp\cache\javacpp-windows-x86.jar\org\bytedeco\javacpp\windows-x86\api-ms-win-core-synch-l1-2-0.dll
0x151e0000 - 0x151e3000 	C:\Users\p\.javacpp\cache\javacpp-windows-x86.jar\org\bytedeco\javacpp\windows-x86\api-ms-win-core-console-l1-1-0.dll
0x151f0000 - 0x151f3000 	C:\Users\p\.javacpp\cache\javacpp-windows-x86.jar\org\bytedeco\javacpp\windows-x86\api-ms-win-core-debug-l1-1-0.dll
0x15200000 - 0x15203000 	C:\Users\p\.javacpp\cache\javacpp-windows-x86.jar\org\bytedeco\javacpp\windows-x86\api-ms-win-core-rtlsupport-l1-1-0.dll
0x15250000 - 0x15253000 	C:\Users\p\.javacpp\cache\javacpp-windows-x86.jar\org\bytedeco\javacpp\windows-x86\api-ms-win-core-processthreads-l1-1-1.dll
0x152a0000 - 0x152a3000 	C:\Users\p\.javacpp\cache\javacpp-windows-x86.jar\org\bytedeco\javacpp\windows-x86\api-ms-win-core-file-l1-2-0.dll
0x152b0000 - 0x152b3000 	C:\Users\p\.javacpp\cache\javacpp-windows-x86.jar\org\bytedeco\javacpp\windows-x86\api-ms-win-core-profile-l1-1-0.dll
0x152c0000 - 0x152c3000 	C:\Users\p\.javacpp\cache\javacpp-windows-x86.jar\org\bytedeco\javacpp\windows-x86\api-ms-win-core-memory-l1-1-0.dll
0x15320000 - 0x15323000 	C:\Users\p\.javacpp\cache\javacpp-windows-x86.jar\org\bytedeco\javacpp\windows-x86\api-ms-win-core-util-l1-1-0.dll
0x15880000 - 0x15883000 	C:\Users\p\.javacpp\cache\javacpp-windows-x86.jar\org\bytedeco\javacpp\windows-x86\api-ms-win-core-interlocked-l1-1-0.dll
0x166e0000 - 0x16800000 	C:\Users\p\.javacpp\cache\javacpp-windows-x86.jar\org\bytedeco\javacpp\windows-x86\ucrtbase.dll
0x158d0000 - 0x158e4000 	C:\Users\p\.javacpp\cache\javacpp-windows-x86.jar\org\bytedeco\javacpp\windows-x86\vcruntime140.dll
0x159c0000 - 0x15a2d000 	C:\Users\p\.javacpp\cache\javacpp-windows-x86.jar\org\bytedeco\javacpp\windows-x86\msvcp140.dll
0x15940000 - 0x15947000 	C:\Users\p\.javacpp\cache\javacpp-windows-x86.jar\org\bytedeco\javacpp\windows-x86\msvcp140_1.dll
0x15a30000 - 0x15a6d000 	C:\Users\p\.javacpp\cache\javacpp-windows-x86.jar\org\bytedeco\javacpp\windows-x86\concrt140.dll
0x15b20000 - 0x15b47000 	C:\Users\p\.javacpp\cache\javacpp-windows-x86.jar\org\bytedeco\javacpp\windows-x86\vcomp140.dll
0x15960000 - 0x1596c000 	C:\Users\p\.javacpp\cache\javacpp-windows-x86.jar\org\bytedeco\javacpp\windows-x86\jnijavacpp.dll
0x6d130000 - 0x6e753000 	C:\Users\p\.javacpp\cache\openblas-windows-x86.jar\org\bytedeco\openblas\windows-x86\libopenblas_nolapack.dll
0x163a0000 - 0x163e8000 	C:\Users\p\.javacpp\cache\openblas-windows-x86.jar\org\bytedeco\openblas\windows-x86\jniopenblas_nolapack.dll
0x1a730000 - 0x1bd53000 	C:\Users\p\.javacpp\cache\openblas-windows-x86.jar\org\bytedeco\openblas\windows-x86\libopenblas.dll
0x1edc0000 - 0x1fd99000 	C:\Users\p\.javacpp\cache\openblas-windows-x86.jar\org\bytedeco\openblas\windows-x86\jniopenblas.dll
0x1fea0000 - 0x20240000 	C:\Users\p\.javacpp\cache\opencv-windows-x86.jar\org\bytedeco\opencv\windows-x86\opencv_core453.dll
0x20240000 - 0x207d3000 	C:\Users\p\.javacpp\cache\opencv-windows-x86.jar\org\bytedeco\opencv\windows-x86\opencv_imgproc453.dll
0x207e0000 - 0x20ab7000 	C:\Users\p\.javacpp\cache\opencv-windows-x86.jar\org\bytedeco\opencv\windows-x86\jniopencv_core.dll
0x20bc0000 - 0x20cf0000 	C:\Users\p\.javacpp\cache\opencv-windows-x86.jar\org\bytedeco\opencv\windows-x86\jniopencv_imgproc.dll
0x20cf0000 - 0x210ad000 	C:\Users\p\.javacpp\cache\opencv-windows-x86.jar\org\bytedeco\opencv\windows-x86\opencv_imgcodecs453.dll
0x15b50000 - 0x15b7b000 	C:\Users\p\.javacpp\cache\opencv-windows-x86.jar\org\bytedeco\opencv\windows-x86\jniopencv_imgcodecs.dll
0x210b0000 - 0x21159000 	C:\Users\p\.javacpp\cache\opencv-windows-x86.jar\org\bytedeco\opencv\windows-x86\opencv_videoio453.dll
0x72450000 - 0x724aa000 	C:\Windows\system32\MFPlat.DLL
0x72640000 - 0x72647000 	C:\Windows\system32\AVRT.dll
0x68990000 - 0x68ca2000 	C:\Windows\system32\MF.dll
0x724b0000 - 0x724c4000 	C:\Windows\system32\ATL.DLL
0x72440000 - 0x72444000 	C:\Windows\system32\ksuser.dll
0x649c0000 - 0x649f3000 	C:\Windows\system32\MFReadWrite.dll
0x70b10000 - 0x70b5c000 	C:\Windows\system32\dxgi.dll
0x6f8c0000 - 0x6fa35000 	C:\Windows\system32\d3d11.dll
0x16440000 - 0x16467000 	C:\Users\p\.javacpp\cache\opencv-windows-x86.jar\org\bytedeco\opencv\windows-x86\jniopencv_videoio.dll
0x17200000 - 0x1726a000 	C:\Users\p\.javacpp\cache\opencv-windows-x86.jar\org\bytedeco\opencv\windows-x86\opencv_highgui453.dll
0x769f0000 - 0x76a6b000 	C:\Windows\syswow64\COMDLG32.dll
0x164d0000 - 0x16510000 	C:\Users\p\.javacpp\cache\opencv-windows-x86.jar\org\bytedeco\opencv\windows-x86\jniopencv_highgui.dll
0x21160000 - 0x211f4000 	C:\Users\p\.javacpp\cache\opencv-windows-x86.jar\org\bytedeco\opencv\windows-x86\opencv_flann453.dll
0x16670000 - 0x16691000 	C:\Users\p\.javacpp\cache\opencv-windows-x86.jar\org\bytedeco\opencv\windows-x86\jniopencv_flann.dll
0x21200000 - 0x21302000 	C:\Users\p\.javacpp\cache\opencv-windows-x86.jar\org\bytedeco\opencv\windows-x86\opencv_features2d453.dll
0x1a3b0000 - 0x1a412000 	C:\Users\p\.javacpp\cache\opencv-windows-x86.jar\org\bytedeco\opencv\windows-x86\jniopencv_features2d.dll
0x21310000 - 0x215e5000 	C:\Users\p\.javacpp\cache\opencv-windows-x86.jar\org\bytedeco\opencv\windows-x86\opencv_calib3d453.dll
0x215f0000 - 0x216bc000 	C:\Users\p\.javacpp\cache\opencv-windows-x86.jar\org\bytedeco\opencv\windows-x86\jniopencv_calib3d.dll
0x216c0000 - 0x21794000 	C:\Users\p\.javacpp\cache\opencv-windows-x86.jar\org\bytedeco\opencv\windows-x86\opencv_objdetect453.dll
0x217a0000 - 0x2180c000 	C:\Users\p\.javacpp\cache\opencv-windows-x86.jar\org\bytedeco\opencv\windows-x86\jniopencv_objdetect.dll
0x72100000 - 0x72184000 	C:\Windows\WinSxS\x86_microsoft.windows.common-controls_6595b64144ccf1df_5.82.7601.18837_none_ec86b8d6858ec0bc\comctl32.dll

VM Arguments:
jvm_args: -Dfile.encoding=UTF-8 -Djava.library.path=lib\FACE\x64
 
java_command: com.QuanLyPhongKham.UI.QuanLyNhanVien
java_class_path (initial): C:\Users\p\Desktop\Netbeans connect database sql\RSCalendar.jar;C:\Users\p\Desktop\Netbeans connect database sql\RSFoto_v1.0.jar;C:\Users\p\Desktop\Netbeans connect database sql\jcalendar-1.4.jar;C:\Users\p\Desktop\Netbeans connect database sql\sqljdbc4.jar;C:\Users\p\Desktop\Netbeans connect database sql\jcommon-1.0.23.jar;C:\Users\p\Desktop\Netbeans connect database sql\jfreechart-1.5.0.jar;D:\Netbeans connect database sql\FACE\itext.jar;D:\Netbeans connect database sql\FACE\javacpp-platform.jar;D:\Netbeans connect database sql\FACE\javacpp.jar;D:\Netbeans connect database sql\FACE\javacv-platform.jar;D:\Netbeans connect database sql\FACE\javacv.jar;D:\Netbeans connect database sql\FACE\openblas-platform.jar;D:\Netbeans connect database sql\FACE\openblas.jar;D:\Netbeans connect database sql\FACE\opencv-platform.jar;D:\Netbeans connect database sql\FACE\opencv.jar;D:\Netbeans connect database sql\FACE\sqljdbc42.jar;D:\Netbeans connect database sql\FACE\javacpp-windows-x86_64.jar;D:\Netbeans connect database sql\FACE\javacv-windows-x86_64.jar;D:\Netbeans connect database sql\FACE\openblas-windows-x86_64.jar;D:\Netbeans connect database sql\FACE\opencv-windows-x86_64.jar;D:\Teamduan\Quanlyphongkham1\QuanLyPhongKham\build\classes
Launcher Type: SUN_STANDARD

Environment Variables:
PATH=C:\Program Files\Common Files\Oracle\Java\javapath;C:\Program Files (x86)\Common Files\Oracle\Java\javapath;C:\ProgramData\Oracle\Java\javapath;C:\Windows\system32;C:\Windows;C:\Windows\System32\Wbem;C:\Windows\System32\WindowsPowerShell\v1.0\;C:\Program Files\Microsoft SQL Server\Client SDK\ODBC\110\Tools\Binn\;C:\Program Files (x86)\Microsoft SQL Server\120\Tools\Binn\;C:\Program Files\Microsoft SQL Server\120\Tools\Binn\;C:\Program Files\Microsoft SQL Server\120\DTS\Binn\;C:\Program Files\Git\cmd;C:\Program Files (x86)\Microsoft SQL Server\110\Tools\Binn\;C:\Program Files\Microsoft SQL Server\110\Tools\Binn\;C:\Program Files\Microsoft SQL Server\110\DTS\Binn\;C:\Program Files (x86)\Microsoft SQL Server\110\Tools\Binn\ManagementStudio\;C:\Program Files (x86)\Microsoft SQL Server\110\DTS\Binn\;C:\Users\p\AppData\Local\GitHubDesktop\bin;D:\Netbeans connect database sql\Microsoft VS Code\bin
USERNAME=p
OS=Windows_NT
PROCESSOR_IDENTIFIER=Intel64 Family 6 Model 58 Stepping 9, GenuineIntel



---------------  S Y S T E M  ---------------

OS: Windows 7 , 64 bit Build 7601 (6.1.7601.24214)

CPU:total 4 (initial active 4) (2 cores per cpu, 2 threads per core) family 6 model 58 stepping 9, cmov, cx8, fxsr, mmx, sse, sse2, sse3, ssse3, sse4.1, sse4.2, popcnt, avx, aes, clmul, erms, ht, tsc, tscinvbit, tscinv

Memory: 4k page, physical 6170340k(1173268k free), swap 12338780k(4725260k free)

vm_info: Java HotSpot(TM) Client VM (25.141-b15) for windows-x86 JRE (1.8.0_141-b15), built on Jul 12 2017 04:25:45 by "java_re" with MS VC++ 10.0 (VS2010)

time: Thu Nov 25 14:12:37 2021
elapsed time: 4 seconds (0d 0h 0m 4s)

