#
# A fatal error has been detected by the Java Runtime Environment:
#
#  EXCEPTION_ACCESS_VIOLATION (0xc0000005) at pc=0x151d32ae, pid=3188, tid=0x00002888
#
# JRE version: Java(TM) SE Runtime Environment (8.0_141-b15) (build 1.8.0_141-b15)
# Java VM: Java HotSpot(TM) Client VM (25.141-b15 mixed mode windows-x86 )
# Problematic frame:
# C  [vcruntime140.dll+0x32ae]
#
# Failed to write core dump. Minidumps are not enabled by default on client versions of Windows
#
# If you would like to submit a bug report, please visit:
#   http://bugreport.java.com/bugreport/crash.jsp
# The crash happened outside the Java Virtual Machine in native code.
# See problematic frame for where to report the bug.
#

---------------  T H R E A D  ---------------

Current thread (0x16e10000):  JavaThread "Thread-6" daemon [_thread_in_native, id=10376, stack(0x23800000,0x23850000)]

siginfo: ExceptionCode=0xc0000005, reading address 0x238e7000

Registers:
EAX=0x23931020, EBX=0x00000000, ECX=0x0004a020, EDX=0x000e1000
ESP=0x2384f4e0, EBP=0x2384f52c, ESI=0x238e7000, EDI=0x246f7020
EIP=0x151d32ae, EFLAGS=0x00010203

Top of Stack: (sp=0x2384f4e0)
0x2384f4e0:   23850020 24660040 1feb7824 24660040
0x2384f4f0:   23850020 000e1000 a2f30b6e 689c0a78
0x2384f500:   2384f820 217e0228 2384f53c 027b0697
0x2384f510:   000e1000 00000000 00000000 00000000
0x2384f520:   2384f730 200b5aee 00000006 00001f80
0x2384f530:   2384f760 16e10000 027b0632 2384f850
0x2384f540:   16e401f8 2384f700 2384f5c4 6433a6e5
0x2384f550:   16e401f8 00000000 2384f758 16e10000 

Instructions: (pc=0x151d32ae)
0x151d328e:   00 73 13 0f ba 25 24 00 1e 15 01 0f 82 8e 04 00
0x151d329e:   00 e9 e3 01 00 00 0f ba 25 e0 02 1e 15 01 73 09
0x151d32ae:   f3 a4 8b 44 24 0c 5e 5f c3 8b c7 33 c6 a9 0f 00
0x151d32be:   00 00 75 0e 0f ba 25 24 00 1e 15 01 0f 82 e0 03 


Register to memory mapping:

EAX=0x23931020 is an unknown value
EBX=0x00000000 is an unknown value
ECX=0x0004a020 is an unknown value
EDX=0x000e1000 is an unknown value
ESP=0x2384f4e0 is pointing into the stack for thread: 0x16e10000
EBP=0x2384f52c is pointing into the stack for thread: 0x16e10000
ESI=0x238e7000 is an unknown value
EDI=0x246f7020 is an unknown value


Stack: [0x23800000,0x23850000],  sp=0x2384f4e0,  free space=317k
Native frames: (J=compiled Java code, j=interpreted, Vv=VM code, C=native code)
C  [vcruntime140.dll+0x32ae]
C  0x2384f760

Java frames: (J=compiled Java code, j=interpreted, Vv=VM code)
j  org.bytedeco.opencv.opencv_videoio.VideoCapture.retrieve(Lorg/bytedeco/opencv/opencv_core/Mat;)Z+0
j  com.QuanLyPhongKham.UI.QuanLyNhanVien$DaemonThread.run()V+38
j  java.lang.Thread.run()V+11
v  ~StubRoutines::call_stub

---------------  P R O C E S S  ---------------

Java Threads: ( => current thread )
=>0x16e10000 JavaThread "Thread-6" daemon [_thread_in_native, id=10376, stack(0x23800000,0x23850000)]
  0x16d7a400 JavaThread "TimerQueue" daemon [_thread_blocked, id=10332, stack(0x232c0000,0x23310000)]
  0x16d2fc00 JavaThread "Swing-Shell" daemon [_thread_blocked, id=9632, stack(0x21900000,0x21950000)]
  0x16cac000 JavaThread "Image Fetcher 0" daemon [_thread_blocked, id=4660, stack(0x21b10000,0x21b60000)]
  0x1570f800 JavaThread "JavaCPP Deallocator" daemon [_thread_blocked, id=9936, stack(0x164d0000,0x16520000)]
  0x00bac800 JavaThread "DestroyJavaVM" [_thread_blocked, id=10848, stack(0x00a90000,0x00ae0000)]
  0x15702400 JavaThread "AWT-EventQueue-0" [_thread_blocked, id=7416, stack(0x15ca0000,0x15cf0000)]
  0x14e58800 JavaThread "AWT-Windows" daemon [_thread_in_native, id=10888, stack(0x15a20000,0x15a70000)]
  0x14e58000 JavaThread "AWT-Shutdown" [_thread_blocked, id=10636, stack(0x159b0000,0x15a00000)]
  0x15635000 JavaThread "Java2D Disposer" daemon [_thread_blocked, id=9220, stack(0x15aa0000,0x15af0000)]
  0x14cdfc00 JavaThread "Service Thread" daemon [_thread_blocked, id=11024, stack(0x14f50000,0x14fa0000)]
  0x14cbf800 JavaThread "C1 CompilerThread0" daemon [_thread_blocked, id=11064, stack(0x15100000,0x15150000)]
  0x14cbe400 JavaThread "Attach Listener" daemon [_thread_blocked, id=11144, stack(0x15280000,0x152d0000)]
  0x14cbb400 JavaThread "Signal Dispatcher" daemon [_thread_blocked, id=5296, stack(0x01300000,0x01350000)]
  0x14ca6c00 JavaThread "Finalizer" daemon [_thread_blocked, id=10820, stack(0x047b0000,0x04800000)]
  0x14c80400 JavaThread "Reference Handler" daemon [_thread_blocked, id=11052, stack(0x14fc0000,0x15010000)]

Other Threads:
  0x14c7ac00 VMThread [stack: 0x14ed0000,0x14f20000] [id=10940]
  0x14ce8c00 WatcherThread [stack: 0x15550000,0x155a0000] [id=11132]

VM state:not at safepoint (normal execution)

VM Mutex/Monitor currently owned by a thread: None

Heap:
 def new generation   total 6912K, used 6741K [0x04800000, 0x04f80000, 0x09d50000)
  eden space 6144K,  97% used [0x04800000, 0x04dd57f0, 0x04e00000)
  from space 768K,  99% used [0x04e00000, 0x04ebff00, 0x04ec0000)
  to   space 768K,   0% used [0x04ec0000, 0x04ec0000, 0x04f80000)
 tenured generation   total 15328K, used 12462K [0x09d50000, 0x0ac48000, 0x14800000)
   the space 15328K,  81% used [0x09d50000, 0x0a97b9a0, 0x0a97ba00, 0x0ac48000)
 Metaspace       used 17789K, capacity 18014K, committed 18176K, reserved 18816K

Card table byte_map: [0x00610000,0x006a0000] byte_map_base: 0x005ec000

Polling page: 0x001e0000

CodeCache: size=32768Kb used=2853Kb max_used=2853Kb free=29914Kb
 bounds [0x027b0000, 0x02a80000, 0x047b0000]
 total_blobs=1647 nmethods=1189 adapters=388
 compilation: enabled

Compilation events (10 events):
Event: 3.914 Thread 0x14cbf800 1230             java.awt.Component::getHeight (5 bytes)
Event: 3.914 Thread 0x14cbf800 nmethod 1230 0x02a794c8 code [0x02a795c0, 0x02a79640]
Event: 3.915 Thread 0x14cbf800 1231             javax.swing.JComponent::getHeight (5 bytes)
Event: 3.915 Thread 0x14cbf800 nmethod 1231 0x02a79688 code [0x02a79780, 0x02a79800]
Event: 3.962 Thread 0x14cbf800 1232             javax.swing.TimerQueue$DelayedTimer::compareTo (9 bytes)
Event: 3.962 Thread 0x14cbf800 nmethod 1232 0x02a79848 code [0x02a79950, 0x02a79a2c]
Event: 3.962 Thread 0x14cbf800 1233             javax.swing.TimerQueue$DelayedTimer::compareTo (101 bytes)
Event: 3.962 Thread 0x14cbf800 nmethod 1233 0x02a79ac8 code [0x02a79be0, 0x02a79f10]
Event: 3.977 Thread 0x14cbf800 1234             java.util.PriorityQueue::peek (18 bytes)
Event: 3.978 Thread 0x14cbf800 nmethod 1234 0x02a7a008 code [0x02a7a100, 0x02a7a1c0]

GC Heap History (10 events):
Event: 2.548 GC heap before
{Heap before GC invocations=31 (full 1):
 def new generation   total 4992K, used 4992K [0x04800000, 0x04d60000, 0x09d50000)
  eden space 4480K, 100% used [0x04800000, 0x04c60000, 0x04c60000)
  from space 512K, 100% used [0x04ce0000, 0x04d60000, 0x04d60000)
  to   space 512K,   0% used [0x04c60000, 0x04c60000, 0x04ce0000)
 tenured generation   total 10944K, used 9997K [0x09d50000, 0x0a800000, 0x14800000)
   the space 10944K,  91% used [0x09d50000, 0x0a7134a0, 0x0a713600, 0x0a800000)
 Metaspace       used 15389K, capacity 15608K, committed 15744K, reserved 15744K
Event: 2.569 GC heap after
Heap after GC invocations=32 (full 2):
 def new generation   total 6912K, used 0K [0x04800000, 0x04f80000, 0x09d50000)
  eden space 6144K,   0% used [0x04800000, 0x04800000, 0x04e00000)
  from space 768K,   0% used [0x04e00000, 0x04e00000, 0x04ec0000)
  to   space 768K,   0% used [0x04ec0000, 0x04ec0000, 0x04f80000)
 tenured generation   total 15328K, used 9194K [0x09d50000, 0x0ac48000, 0x14800000)
   the space 15328K,  59% used [0x09d50000, 0x0a64aad8, 0x0a64ac00, 0x0ac48000)
 Metaspace       used 15389K, capacity 15608K, committed 15744K, reserved 15744K
}
Event: 2.680 GC heap before
{Heap before GC invocations=32 (full 2):
 def new generation   total 6912K, used 6144K [0x04800000, 0x04f80000, 0x09d50000)
  eden space 6144K, 100% used [0x04800000, 0x04e00000, 0x04e00000)
  from space 768K,   0% used [0x04e00000, 0x04e00000, 0x04ec0000)
  to   space 768K,   0% used [0x04ec0000, 0x04ec0000, 0x04f80000)
 tenured generation   total 15328K, used 9194K [0x09d50000, 0x0ac48000, 0x14800000)
   the space 15328K,  59% used [0x09d50000, 0x0a64aad8, 0x0a64ac00, 0x0ac48000)
 Metaspace       used 16137K, capacity 16381K, committed 16512K, reserved 16768K
Event: 2.684 GC heap after
Heap after GC invocations=33 (full 2):
 def new generation   total 6912K, used 767K [0x04800000, 0x04f80000, 0x09d50000)
  eden space 6144K,   0% used [0x04800000, 0x04800000, 0x04e00000)
  from space 768K,  99% used [0x04ec0000, 0x04f7fff8, 0x04f80000)
  to   space 768K,   0% used [0x04e00000, 0x04e00000, 0x04ec0000)
 tenured generation   total 15328K, used 9468K [0x09d50000, 0x0ac48000, 0x14800000)
   the space 15328K,  61% used [0x09d50000, 0x0a68f208, 0x0a68f400, 0x0ac48000)
 Metaspace       used 16137K, capacity 16381K, committed 16512K, reserved 16768K
}
Event: 2.839 GC heap before
{Heap before GC invocations=33 (full 2):
 def new generation   total 6912K, used 6911K [0x04800000, 0x04f80000, 0x09d50000)
  eden space 6144K, 100% used [0x04800000, 0x04e00000, 0x04e00000)
  from space 768K,  99% used [0x04ec0000, 0x04f7fff8, 0x04f80000)
  to   space 768K,   0% used [0x04e00000, 0x04e00000, 0x04ec0000)
 tenured generation   total 15328K, used 9468K [0x09d50000, 0x0ac48000, 0x14800000)
   the space 15328K,  61% used [0x09d50000, 0x0a68f208, 0x0a68f400, 0x0ac48000)
 Metaspace       used 16680K, capacity 16891K, committed 17024K, reserved 17792K
Event: 2.844 GC heap after
Heap after GC invocations=34 (full 2):
 def new generation   total 6912K, used 768K [0x04800000, 0x04f80000, 0x09d50000)
  eden space 6144K,   0% used [0x04800000, 0x04800000, 0x04e00000)
  from space 768K, 100% used [0x04e00000, 0x04ec0000, 0x04ec0000)
  to   space 768K,   0% used [0x04ec0000, 0x04ec0000, 0x04f80000)
 tenured generation   total 15328K, used 10533K [0x09d50000, 0x0ac48000, 0x14800000)
   the space 15328K,  68% used [0x09d50000, 0x0a7997b0, 0x0a799800, 0x0ac48000)
 Metaspace       used 16680K, capacity 16891K, committed 17024K, reserved 17792K
}
Event: 2.962 GC heap before
{Heap before GC invocations=34 (full 2):
 def new generation   total 6912K, used 6912K [0x04800000, 0x04f80000, 0x09d50000)
  eden space 6144K, 100% used [0x04800000, 0x04e00000, 0x04e00000)
  from space 768K, 100% used [0x04e00000, 0x04ec0000, 0x04ec0000)
  to   space 768K,   0% used [0x04ec0000, 0x04ec0000, 0x04f80000)
 tenured generation   total 15328K, used 10533K [0x09d50000, 0x0ac48000, 0x14800000)
   the space 15328K,  68% used [0x09d50000, 0x0a7997b0, 0x0a799800, 0x0ac48000)
 Metaspace       used 17026K, capacity 17278K, committed 17408K, reserved 17792K
Event: 2.966 GC heap after
Heap after GC invocations=35 (full 2):
 def new generation   total 6912K, used 768K [0x04800000, 0x04f80000, 0x09d50000)
  eden space 6144K,   0% used [0x04800000, 0x04800000, 0x04e00000)
  from space 768K, 100% used [0x04ec0000, 0x04f80000, 0x04f80000)
  to   space 768K,   0% used [0x04e00000, 0x04e00000, 0x04ec0000)
 tenured generation   total 15328K, used 11772K [0x09d50000, 0x0ac48000, 0x14800000)
   the space 15328K,  76% used [0x09d50000, 0x0a8cf3a8, 0x0a8cf400, 0x0ac48000)
 Metaspace       used 17026K, capacity 17278K, committed 17408K, reserved 17792K
}
Event: 3.645 GC heap before
{Heap before GC invocations=35 (full 2):
 def new generation   total 6912K, used 4278K [0x04800000, 0x04f80000, 0x09d50000)
  eden space 6144K,  57% used [0x04800000, 0x04b6d930, 0x04e00000)
  from space 768K, 100% used [0x04ec0000, 0x04f80000, 0x04f80000)
  to   space 768K,   0% used [0x04e00000, 0x04e00000, 0x04ec0000)
 tenured generation   total 15328K, used 11772K [0x09d50000, 0x0ac48000, 0x14800000)
   the space 15328K,  76% used [0x09d50000, 0x0a8cf3a8, 0x0a8cf400, 0x0ac48000)
 Metaspace       used 17640K, capacity 17886K, committed 18048K, reserved 18816K
Event: 3.648 GC heap after
Heap after GC invocations=36 (full 2):
 def new generation   total 6912K, used 767K [0x04800000, 0x04f80000, 0x09d50000)
  eden space 6144K,   0% used [0x04800000, 0x04800000, 0x04e00000)
  from space 768K,  99% used [0x04e00000, 0x04ebff00, 0x04ec0000)
  to   space 768K,   0% used [0x04ec0000, 0x04ec0000, 0x04f80000)
 tenured generation   total 15328K, used 12462K [0x09d50000, 0x0ac48000, 0x14800000)
   the space 15328K,  81% used [0x09d50000, 0x0a97b9a0, 0x0a97ba00, 0x0ac48000)
 Metaspace       used 17640K, capacity 17886K, committed 18048K, reserved 18816K
}

Deoptimization events (0 events):
No events

Internal exceptions (10 events):
Event: 1.545 Thread 0x15702400 Exception <a 'java/lang/UnsatisfiedLinkError'> (0x049845e8) thrown at [C:\workspace\8-2-build-windows-i586-cygwin\jdk8u141\9370\hotspot\src\share\vm\prims\jvm.cpp, line 3982]
Event: 1.545 Thread 0x15702400 Exception <a 'java/lang/UnsatisfiedLinkError'> (0x049845e8) thrown at [C:\workspace\8-2-build-windows-i586-cygwin\jdk8u141\9370\hotspot\src\share\vm\prims\jni.cpp, line 709]
Event: 1.632 Thread 0x15702400 Exception <a 'java/lang/UnsatisfiedLinkError'> (0x049ca488) thrown at [C:\workspace\8-2-build-windows-i586-cygwin\jdk8u141\9370\hotspot\src\share\vm\prims\jvm.cpp, line 3982]
Event: 1.632 Thread 0x15702400 Exception <a 'java/lang/UnsatisfiedLinkError'> (0x049ca488) thrown at [C:\workspace\8-2-build-windows-i586-cygwin\jdk8u141\9370\hotspot\src\share\vm\prims\jni.cpp, line 709]
Event: 1.744 Thread 0x15702400 Exception <a 'java/lang/UnsatisfiedLinkError'> (0x04963d58) thrown at [C:\workspace\8-2-build-windows-i586-cygwin\jdk8u141\9370\hotspot\src\share\vm\prims\jvm.cpp, line 3982]
Event: 1.744 Thread 0x15702400 Exception <a 'java/lang/UnsatisfiedLinkError'> (0x04963d58) thrown at [C:\workspace\8-2-build-windows-i586-cygwin\jdk8u141\9370\hotspot\src\share\vm\prims\jni.cpp, line 709]
Event: 1.756 Thread 0x15702400 Exception <a 'java/lang/UnsatisfiedLinkError'> (0x04ab9d80) thrown at [C:\workspace\8-2-build-windows-i586-cygwin\jdk8u141\9370\hotspot\src\share\vm\prims\jvm.cpp, line 3982]
Event: 1.756 Thread 0x15702400 Exception <a 'java/lang/UnsatisfiedLinkError'> (0x04ab9d80) thrown at [C:\workspace\8-2-build-windows-i586-cygwin\jdk8u141\9370\hotspot\src\share\vm\prims\jni.cpp, line 709]
Event: 2.571 Thread 0x16e96000 Exception <a 'java/lang/UnsatisfiedLinkError'> (0x04837438) thrown at [C:\workspace\8-2-build-windows-i586-cygwin\jdk8u141\9370\hotspot\src\share\vm\prims\jvm.cpp, line 3982]
Event: 2.571 Thread 0x16e96000 Exception <a 'java/lang/UnsatisfiedLinkError'> (0x04837438) thrown at [C:\workspace\8-2-build-windows-i586-cygwin\jdk8u141\9370\hotspot\src\share\vm\prims\jni.cpp, line 709]

Events (10 events):
Event: 3.917 loading class java/awt/KeyboardFocusManager$3
Event: 3.917 loading class java/awt/KeyboardFocusManager$3 done
Event: 3.918 loading class sun/awt/im/CompositionAreaHandler
Event: 3.926 loading class sun/awt/im/CompositionAreaHandler done
Event: 3.926 loading class java/text/AttributedString
Event: 3.932 loading class java/text/AttributedString done
Event: 3.932 loading class java/text/AttributedString$AttributedStringIterator
Event: 3.933 loading class java/text/AttributedCharacterIterator
Event: 3.933 loading class java/text/AttributedCharacterIterator done
Event: 3.933 loading class java/text/AttributedString$AttributedStringIterator done


Dynamic libraries:
0x01370000 - 0x013a3000 	C:\Program Files (x86)\Java\jdk1.8.0_141\jre\bin\java.exe
0x76f20000 - 0x770a0000 	C:\Windows\SysWOW64\ntdll.dll
0x75890000 - 0x759a0000 	C:\Windows\syswow64\kernel32.dll
0x754a0000 - 0x754e7000 	C:\Windows\syswow64\KERNELBASE.dll
0x74c80000 - 0x74d21000 	C:\Windows\syswow64\ADVAPI32.dll
0x75cf0000 - 0x75d9c000 	C:\Windows\syswow64\msvcrt.dll
0x74bb0000 - 0x74bc9000 	C:\Windows\SysWOW64\sechost.dll
0x74fb0000 - 0x750a0000 	C:\Windows\syswow64\RPCRT4.dll
0x74690000 - 0x746f0000 	C:\Windows\syswow64\SspiCli.dll
0x74680000 - 0x7468c000 	C:\Windows\syswow64\CRYPTBASE.dll
0x74eb0000 - 0x74fb0000 	C:\Windows\syswow64\USER32.dll
0x76a70000 - 0x76b00000 	C:\Windows\syswow64\GDI32.dll
0x75620000 - 0x7562a000 	C:\Windows\syswow64\LPK.dll
0x74d30000 - 0x74dcd000 	C:\Windows\syswow64\USP10.dll
0x73e20000 - 0x73fbe000 	C:\Windows\WinSxS\x86_microsoft.windows.common-controls_6595b64144ccf1df_6.0.7601.18837_none_41e855142bd5705d\COMCTL32.dll
0x759d0000 - 0x75a27000 	C:\Windows\syswow64\SHLWAPI.dll
0x75650000 - 0x756b0000 	C:\Windows\system32\IMM32.DLL
0x746f0000 - 0x747bd000 	C:\Windows\syswow64\MSCTF.dll
0x69b10000 - 0x69bcf000 	C:\Program Files (x86)\Java\jdk1.8.0_141\jre\bin\msvcr100.dll
0x641e0000 - 0x645ae000 	C:\Program Files (x86)\Java\jdk1.8.0_141\jre\bin\client\jvm.dll
0x69bd0000 - 0x69bd7000 	C:\Windows\system32\WSOCK32.dll
0x756b0000 - 0x756e5000 	C:\Windows\syswow64\WS2_32.dll
0x74c70000 - 0x74c76000 	C:\Windows\syswow64\NSI.dll
0x70b60000 - 0x70b92000 	C:\Windows\system32\WINMM.dll
0x74350000 - 0x74359000 	C:\Windows\system32\VERSION.dll
0x74ea0000 - 0x74ea5000 	C:\Windows\syswow64\PSAPI.DLL
0x69be0000 - 0x69bec000 	C:\Program Files (x86)\Java\jdk1.8.0_141\jre\bin\verify.dll
0x69ab0000 - 0x69ad1000 	C:\Program Files (x86)\Java\jdk1.8.0_141\jre\bin\java.dll
0x69a90000 - 0x69aa3000 	C:\Program Files (x86)\Java\jdk1.8.0_141\jre\bin\zip.dll
0x75da0000 - 0x769ec000 	C:\Windows\syswow64\SHELL32.dll
0x75a30000 - 0x75b8d000 	C:\Windows\syswow64\ole32.dll
0x75560000 - 0x7556b000 	C:\Windows\syswow64\profapi.dll
0x64830000 - 0x64975000 	C:\Program Files (x86)\Java\jdk1.8.0_141\jre\bin\awt.dll
0x75580000 - 0x75611000 	C:\Windows\syswow64\OLEAUT32.dll
0x718e0000 - 0x71960000 	C:\Windows\system32\uxtheme.dll
0x704f0000 - 0x70503000 	C:\Windows\system32\dwmapi.dll
0x69a20000 - 0x69a59000 	C:\Program Files (x86)\Java\jdk1.8.0_141\jre\bin\fontmanager.dll
0x62c30000 - 0x62cf8000 	C:\Windows\system32\opengl32.dll
0x62de0000 - 0x62e02000 	C:\Windows\system32\GLU32.dll
0x629f0000 - 0x62ad7000 	C:\Windows\system32\DDRAW.dll
0x725f0000 - 0x725f6000 	C:\Windows\system32\DCIMAN32.dll
0x756f0000 - 0x7588d000 	C:\Windows\syswow64\SETUPAPI.dll
0x74dd0000 - 0x74df7000 	C:\Windows\syswow64\CFGMGR32.dll
0x75630000 - 0x75642000 	C:\Windows\syswow64\DEVOBJ.dll
0x00220000 - 0x00223000 	C:\Users\p\.javacpp\cache\javacpp-windows-x86.jar\org\bytedeco\javacpp\windows-x86\api-ms-win-crt-locale-l1-1-0.dll
0x69a70000 - 0x69a86000 	C:\Program Files (x86)\Java\jdk1.8.0_141\jre\bin\net.dll
0x73450000 - 0x7348c000 	C:\Windows\system32\mswsock.dll
0x70cb0000 - 0x70cb6000 	C:\Windows\System32\wship6.dll
0x69a60000 - 0x69a6f000 	C:\Program Files (x86)\Java\jdk1.8.0_141\jre\bin\nio.dll
0x00230000 - 0x00234000 	C:\Users\p\.javacpp\cache\javacpp-windows-x86.jar\org\bytedeco\javacpp\windows-x86\api-ms-win-crt-string-l1-1-0.dll
0x00240000 - 0x00244000 	C:\Users\p\.javacpp\cache\javacpp-windows-x86.jar\org\bytedeco\javacpp\windows-x86\api-ms-win-crt-stdio-l1-1-0.dll
0x00250000 - 0x00255000 	C:\Users\p\.javacpp\cache\javacpp-windows-x86.jar\org\bytedeco\javacpp\windows-x86\api-ms-win-crt-math-l1-1-0.dll
0x002a0000 - 0x002a3000 	C:\Users\p\.javacpp\cache\javacpp-windows-x86.jar\org\bytedeco\javacpp\windows-x86\api-ms-win-crt-heap-l1-1-0.dll
0x002b0000 - 0x002b4000 	C:\Users\p\.javacpp\cache\javacpp-windows-x86.jar\org\bytedeco\javacpp\windows-x86\api-ms-win-crt-runtime-l1-1-0.dll
0x00440000 - 0x00444000 	C:\Users\p\.javacpp\cache\javacpp-windows-x86.jar\org\bytedeco\javacpp\windows-x86\api-ms-win-crt-convert-l1-1-0.dll
0x006a0000 - 0x006a3000 	C:\Users\p\.javacpp\cache\javacpp-windows-x86.jar\org\bytedeco\javacpp\windows-x86\api-ms-win-crt-environment-l1-1-0.dll
0x006b0000 - 0x006b3000 	C:\Users\p\.javacpp\cache\javacpp-windows-x86.jar\org\bytedeco\javacpp\windows-x86\api-ms-win-crt-time-l1-1-0.dll
0x006c0000 - 0x006c3000 	C:\Users\p\.javacpp\cache\javacpp-windows-x86.jar\org\bytedeco\javacpp\windows-x86\api-ms-win-crt-filesystem-l1-1-0.dll
0x006d0000 - 0x006d3000 	C:\Users\p\.javacpp\cache\javacpp-windows-x86.jar\org\bytedeco\javacpp\windows-x86\api-ms-win-crt-utility-l1-1-0.dll
0x00a70000 - 0x00a75000 	C:\Users\p\.javacpp\cache\javacpp-windows-x86.jar\org\bytedeco\javacpp\windows-x86\api-ms-win-crt-multibyte-l1-1-0.dll
0x00a80000 - 0x00a83000 	C:\Users\p\.javacpp\cache\javacpp-windows-x86.jar\org\bytedeco\javacpp\windows-x86\api-ms-win-crt-conio-l1-1-0.dll
0x00b20000 - 0x00b30000 	C:\Users\p\.javacpp\cache\javacpp-windows-x86.jar\org\bytedeco\javacpp\windows-x86\api-ms-win-crt-private-l1-1-0.dll
0x00b70000 - 0x00b73000 	C:\Users\p\.javacpp\cache\javacpp-windows-x86.jar\org\bytedeco\javacpp\windows-x86\api-ms-win-crt-process-l1-1-0.dll
0x00b80000 - 0x00b83000 	C:\Users\p\.javacpp\cache\javacpp-windows-x86.jar\org\bytedeco\javacpp\windows-x86\api-ms-win-core-console-l1-2-0.dll
0x00b90000 - 0x00b93000 	C:\Users\p\.javacpp\cache\javacpp-windows-x86.jar\org\bytedeco\javacpp\windows-x86\api-ms-win-core-string-l1-1-0.dll
0x00bb0000 - 0x00bb3000 	C:\Users\p\.javacpp\cache\javacpp-windows-x86.jar\org\bytedeco\javacpp\windows-x86\api-ms-win-core-errorhandling-l1-1-0.dll
0x00bc0000 - 0x00bc3000 	C:\Users\p\.javacpp\cache\javacpp-windows-x86.jar\org\bytedeco\javacpp\windows-x86\api-ms-win-core-timezone-l1-1-0.dll
0x00bd0000 - 0x00bd4000 	C:\Users\p\.javacpp\cache\javacpp-windows-x86.jar\org\bytedeco\javacpp\windows-x86\api-ms-win-core-file-l1-1-0.dll
0x00be0000 - 0x00be3000 	C:\Users\p\.javacpp\cache\javacpp-windows-x86.jar\org\bytedeco\javacpp\windows-x86\api-ms-win-core-namedpipe-l1-1-0.dll
0x01290000 - 0x01293000 	C:\Users\p\.javacpp\cache\javacpp-windows-x86.jar\org\bytedeco\javacpp\windows-x86\api-ms-win-core-handle-l1-1-0.dll
0x012e0000 - 0x012e3000 	C:\Users\p\.javacpp\cache\javacpp-windows-x86.jar\org\bytedeco\javacpp\windows-x86\api-ms-win-core-file-l2-1-0.dll
0x012f0000 - 0x012f3000 	C:\Users\p\.javacpp\cache\javacpp-windows-x86.jar\org\bytedeco\javacpp\windows-x86\api-ms-win-core-heap-l1-1-0.dll
0x01350000 - 0x01353000 	C:\Users\p\.javacpp\cache\javacpp-windows-x86.jar\org\bytedeco\javacpp\windows-x86\api-ms-win-core-libraryloader-l1-1-0.dll
0x01360000 - 0x01363000 	C:\Users\p\.javacpp\cache\javacpp-windows-x86.jar\org\bytedeco\javacpp\windows-x86\api-ms-win-core-synch-l1-1-0.dll
0x14e60000 - 0x14e63000 	C:\Users\p\.javacpp\cache\javacpp-windows-x86.jar\org\bytedeco\javacpp\windows-x86\api-ms-win-core-processthreads-l1-1-0.dll
0x14eb0000 - 0x14eb3000 	C:\Users\p\.javacpp\cache\javacpp-windows-x86.jar\org\bytedeco\javacpp\windows-x86\api-ms-win-core-processenvironment-l1-1-0.dll
0x14ec0000 - 0x14ec3000 	C:\Users\p\.javacpp\cache\javacpp-windows-x86.jar\org\bytedeco\javacpp\windows-x86\api-ms-win-core-datetime-l1-1-0.dll
0x14f20000 - 0x14f23000 	C:\Users\p\.javacpp\cache\javacpp-windows-x86.jar\org\bytedeco\javacpp\windows-x86\api-ms-win-core-localization-l1-2-0.dll
0x14f30000 - 0x14f33000 	C:\Users\p\.javacpp\cache\javacpp-windows-x86.jar\org\bytedeco\javacpp\windows-x86\api-ms-win-core-sysinfo-l1-1-0.dll
0x14f40000 - 0x14f43000 	C:\Users\p\.javacpp\cache\javacpp-windows-x86.jar\org\bytedeco\javacpp\windows-x86\api-ms-win-core-synch-l1-2-0.dll
0x14fa0000 - 0x14fa3000 	C:\Users\p\.javacpp\cache\javacpp-windows-x86.jar\org\bytedeco\javacpp\windows-x86\api-ms-win-core-console-l1-1-0.dll
0x14fb0000 - 0x14fb3000 	C:\Users\p\.javacpp\cache\javacpp-windows-x86.jar\org\bytedeco\javacpp\windows-x86\api-ms-win-core-debug-l1-1-0.dll
0x150d0000 - 0x150d3000 	C:\Users\p\.javacpp\cache\javacpp-windows-x86.jar\org\bytedeco\javacpp\windows-x86\api-ms-win-core-rtlsupport-l1-1-0.dll
0x150e0000 - 0x150e3000 	C:\Users\p\.javacpp\cache\javacpp-windows-x86.jar\org\bytedeco\javacpp\windows-x86\api-ms-win-core-processthreads-l1-1-1.dll
0x150f0000 - 0x150f3000 	C:\Users\p\.javacpp\cache\javacpp-windows-x86.jar\org\bytedeco\javacpp\windows-x86\api-ms-win-core-file-l1-2-0.dll
0x15150000 - 0x15153000 	C:\Users\p\.javacpp\cache\javacpp-windows-x86.jar\org\bytedeco\javacpp\windows-x86\api-ms-win-core-profile-l1-1-0.dll
0x15160000 - 0x15163000 	C:\Users\p\.javacpp\cache\javacpp-windows-x86.jar\org\bytedeco\javacpp\windows-x86\api-ms-win-core-memory-l1-1-0.dll
0x151b0000 - 0x151b3000 	C:\Users\p\.javacpp\cache\javacpp-windows-x86.jar\org\bytedeco\javacpp\windows-x86\api-ms-win-core-util-l1-1-0.dll
0x151c0000 - 0x151c3000 	C:\Users\p\.javacpp\cache\javacpp-windows-x86.jar\org\bytedeco\javacpp\windows-x86\api-ms-win-core-interlocked-l1-1-0.dll
0x16660000 - 0x16780000 	C:\Users\p\.javacpp\cache\javacpp-windows-x86.jar\org\bytedeco\javacpp\windows-x86\ucrtbase.dll
0x151d0000 - 0x151e4000 	C:\Users\p\.javacpp\cache\javacpp-windows-x86.jar\org\bytedeco\javacpp\windows-x86\vcruntime140.dll
0x15460000 - 0x154cd000 	C:\Users\p\.javacpp\cache\javacpp-windows-x86.jar\org\bytedeco\javacpp\windows-x86\msvcp140.dll
0x15230000 - 0x15237000 	C:\Users\p\.javacpp\cache\javacpp-windows-x86.jar\org\bytedeco\javacpp\windows-x86\msvcp140_1.dll
0x15240000 - 0x1527d000 	C:\Users\p\.javacpp\cache\javacpp-windows-x86.jar\org\bytedeco\javacpp\windows-x86\concrt140.dll
0x154d0000 - 0x154f7000 	C:\Users\p\.javacpp\cache\javacpp-windows-x86.jar\org\bytedeco\javacpp\windows-x86\vcomp140.dll
0x15540000 - 0x1554c000 	C:\Users\p\.javacpp\cache\javacpp-windows-x86.jar\org\bytedeco\javacpp\windows-x86\jnijavacpp.dll
0x6cfa0000 - 0x6e5c3000 	C:\Users\p\.javacpp\cache\openblas-windows-x86.jar\org\bytedeco\openblas\windows-x86\libopenblas_nolapack.dll
0x16fd0000 - 0x17018000 	C:\Users\p\.javacpp\cache\openblas-windows-x86.jar\org\bytedeco\openblas\windows-x86\jniopenblas_nolapack.dll
0x1a720000 - 0x1bd43000 	C:\Users\p\.javacpp\cache\openblas-windows-x86.jar\org\bytedeco\openblas\windows-x86\libopenblas.dll
0x1ed50000 - 0x1fd29000 	C:\Users\p\.javacpp\cache\openblas-windows-x86.jar\org\bytedeco\openblas\windows-x86\jniopenblas.dll
0x1fe30000 - 0x201d0000 	C:\Users\p\.javacpp\cache\opencv-windows-x86.jar\org\bytedeco\opencv\windows-x86\opencv_core453.dll
0x201d0000 - 0x20763000 	C:\Users\p\.javacpp\cache\opencv-windows-x86.jar\org\bytedeco\opencv\windows-x86\opencv_imgproc453.dll
0x20770000 - 0x20a47000 	C:\Users\p\.javacpp\cache\opencv-windows-x86.jar\org\bytedeco\opencv\windows-x86\jniopencv_core.dll
0x20b50000 - 0x20c80000 	C:\Users\p\.javacpp\cache\opencv-windows-x86.jar\org\bytedeco\opencv\windows-x86\jniopencv_imgproc.dll
0x20c80000 - 0x2103d000 	C:\Users\p\.javacpp\cache\opencv-windows-x86.jar\org\bytedeco\opencv\windows-x86\opencv_imgcodecs453.dll
0x15a70000 - 0x15a9b000 	C:\Users\p\.javacpp\cache\opencv-windows-x86.jar\org\bytedeco\opencv\windows-x86\jniopencv_imgcodecs.dll
0x21040000 - 0x210e9000 	C:\Users\p\.javacpp\cache\opencv-windows-x86.jar\org\bytedeco\opencv\windows-x86\opencv_videoio453.dll
0x72450000 - 0x724aa000 	C:\Windows\system32\MFPlat.DLL
0x72640000 - 0x72647000 	C:\Windows\system32\AVRT.dll
0x68990000 - 0x68ca2000 	C:\Windows\system32\MF.dll
0x724b0000 - 0x724c4000 	C:\Windows\system32\ATL.DLL
0x72440000 - 0x72444000 	C:\Windows\system32\ksuser.dll
0x649c0000 - 0x649f3000 	C:\Windows\system32\MFReadWrite.dll
0x70b10000 - 0x70b5c000 	C:\Windows\system32\dxgi.dll
0x6f8c0000 - 0x6fa35000 	C:\Windows\system32\d3d11.dll
0x15b00000 - 0x15b27000 	C:\Users\p\.javacpp\cache\opencv-windows-x86.jar\org\bytedeco\opencv\windows-x86\jniopencv_videoio.dll
0x17070000 - 0x170da000 	C:\Users\p\.javacpp\cache\opencv-windows-x86.jar\org\bytedeco\opencv\windows-x86\opencv_highgui453.dll
0x769f0000 - 0x76a6b000 	C:\Windows\syswow64\COMDLG32.dll
0x1a2b0000 - 0x1a2f0000 	C:\Users\p\.javacpp\cache\opencv-windows-x86.jar\org\bytedeco\opencv\windows-x86\jniopencv_highgui.dll
0x210f0000 - 0x21184000 	C:\Users\p\.javacpp\cache\opencv-windows-x86.jar\org\bytedeco\opencv\windows-x86\opencv_flann453.dll
0x17230000 - 0x17251000 	C:\Users\p\.javacpp\cache\opencv-windows-x86.jar\org\bytedeco\opencv\windows-x86\jniopencv_flann.dll
0x21190000 - 0x21292000 	C:\Users\p\.javacpp\cache\opencv-windows-x86.jar\org\bytedeco\opencv\windows-x86\opencv_features2d453.dll
0x1a4b0000 - 0x1a512000 	C:\Users\p\.javacpp\cache\opencv-windows-x86.jar\org\bytedeco\opencv\windows-x86\jniopencv_features2d.dll
0x212a0000 - 0x21575000 	C:\Users\p\.javacpp\cache\opencv-windows-x86.jar\org\bytedeco\opencv\windows-x86\opencv_calib3d453.dll
0x21580000 - 0x2164c000 	C:\Users\p\.javacpp\cache\opencv-windows-x86.jar\org\bytedeco\opencv\windows-x86\jniopencv_calib3d.dll
0x21650000 - 0x21724000 	C:\Users\p\.javacpp\cache\opencv-windows-x86.jar\org\bytedeco\opencv\windows-x86\opencv_objdetect453.dll
0x21730000 - 0x2179c000 	C:\Users\p\.javacpp\cache\opencv-windows-x86.jar\org\bytedeco\opencv\windows-x86\jniopencv_objdetect.dll
0x72100000 - 0x72184000 	C:\Windows\WinSxS\x86_microsoft.windows.common-controls_6595b64144ccf1df_5.82.7601.18837_none_ec86b8d6858ec0bc\comctl32.dll

VM Arguments:
jvm_args: -Dfile.encoding=UTF-8 -Djava.library.path=lib\FACE\x64
 
java_command: com.QuanLyPhongKham.UI.QuanLyNhanVien
java_class_path (initial): C:\Users\p\Desktop\Netbeans connect database sql\RSCalendar.jar;C:\Users\p\Desktop\Netbeans connect database sql\RSFoto_v1.0.jar;C:\Users\p\Desktop\Netbeans connect database sql\jcalendar-1.4.jar;C:\Users\p\Desktop\Netbeans connect database sql\sqljdbc4.jar;C:\Users\p\Desktop\Netbeans connect database sql\jcommon-1.0.23.jar;C:\Users\p\Desktop\Netbeans connect database sql\jfreechart-1.5.0.jar;D:\Netbeans connect database sql\FACE\itext.jar;D:\Netbeans connect database sql\FACE\javacpp-platform.jar;D:\Netbeans connect database sql\FACE\javacpp.jar;D:\Netbeans connect database sql\FACE\javacv-platform.jar;D:\Netbeans connect database sql\FACE\javacv.jar;D:\Netbeans connect database sql\FACE\openblas-platform.jar;D:\Netbeans connect database sql\FACE\openblas.jar;D:\Netbeans connect database sql\FACE\opencv-platform.jar;D:\Netbeans connect database sql\FACE\opencv.jar;D:\Netbeans connect database sql\FACE\sqljdbc42.jar;D:\Netbeans connect database sql\FACE\javacpp-windows-x86.jar;D:\Netbeans connect database sql\FACE\javacv-windows-x86.jar;D:\Netbeans connect database sql\FACE\openblas-windows-x86.jar;D:\Netbeans connect database sql\FACE\opencv-windows-x86.jar;D:\Teamduan\Quanlyphongkham1\QuanLyPhongKham\build\classes
Launcher Type: SUN_STANDARD

Environment Variables:
PATH=C:\Program Files\Common Files\Oracle\Java\javapath;C:\Program Files (x86)\Common Files\Oracle\Java\javapath;C:\ProgramData\Oracle\Java\javapath;C:\Windows\system32;C:\Windows;C:\Windows\System32\Wbem;C:\Windows\System32\WindowsPowerShell\v1.0\;C:\Program Files\Microsoft SQL Server\Client SDK\ODBC\110\Tools\Binn\;C:\Program Files (x86)\Microsoft SQL Server\120\Tools\Binn\;C:\Program Files\Microsoft SQL Server\120\Tools\Binn\;C:\Program Files\Microsoft SQL Server\120\DTS\Binn\;C:\Program Files\Git\cmd;C:\Program Files (x86)\Microsoft SQL Server\110\Tools\Binn\;C:\Program Files\Microsoft SQL Server\110\Tools\Binn\;C:\Program Files\Microsoft SQL Server\110\DTS\Binn\;C:\Program Files (x86)\Microsoft SQL Server\110\Tools\Binn\ManagementStudio\;C:\Program Files (x86)\Microsoft SQL Server\110\DTS\Binn\;C:\Users\p\AppData\Local\GitHubDesktop\bin;D:\Netbeans connect database sql\Microsoft VS Code\bin
USERNAME=p
OS=Windows_NT
PROCESSOR_IDENTIFIER=Intel64 Family 6 Model 58 Stepping 9, GenuineIntel



---------------  S Y S T E M  ---------------

OS: Windows 7 , 64 bit Build 7601 (6.1.7601.24214)

CPU:total 4 (initial active 4) (2 cores per cpu, 2 threads per core) family 6 model 58 stepping 9, cmov, cx8, fxsr, mmx, sse, sse2, sse3, ssse3, sse4.1, sse4.2, popcnt, avx, aes, clmul, erms, ht, tsc, tscinvbit, tscinv

Memory: 4k page, physical 6170340k(1179164k free), swap 12338780k(4746820k free)

vm_info: Java HotSpot(TM) Client VM (25.141-b15) for windows-x86 JRE (1.8.0_141-b15), built on Jul 12 2017 04:25:45 by "java_re" with MS VC++ 10.0 (VS2010)

time: Thu Nov 25 14:10:42 2021
elapsed time: 4 seconds (0d 0h 0m 4s)

